{"C:\\Users\\alexv\\Documents\\UTAD\\WebII\\practica\\src\\app.js": {"path":"C:\\Users\\alexv\\Documents\\UTAD\\WebII\\practica\\src\\app.js","statementMap":{"0":{"start":{"line":9,"column":12},"end":{"line":9,"column":21}},"1":{"start":{"line":11,"column":0},"end":{"line":11,"column":24}},"2":{"start":{"line":12,"column":0},"end":{"line":12,"column":16}},"3":{"start":{"line":16,"column":0},"end":{"line":16,"column":44}},"4":{"start":{"line":17,"column":0},"end":{"line":17,"column":18}},"5":{"start":{"line":20,"column":0},"end":{"line":27,"column":3}},"6":{"start":{"line":21,"column":4},"end":{"line":26,"column":7}},"7":{"start":{"line":29,"column":0},"end":{"line":29,"column":29}},"8":{"start":{"line":33,"column":0},"end":{"line":39,"column":3}},"9":{"start":{"line":35,"column":4},"end":{"line":37,"column":5}},"10":{"start":{"line":36,"column":8},"end":{"line":36,"column":82}},"11":{"start":{"line":38,"column":4},"end":{"line":38,"column":11}},"12":{"start":{"line":41,"column":0},"end":{"line":41,"column":22}}},"fnMap":{"0":{"name":"(anonymous_0)","decl":{"start":{"line":20,"column":19},"end":{"line":20,"column":20}},"loc":{"start":{"line":20,"column":33},"end":{"line":27,"column":1}},"line":20},"1":{"name":"(anonymous_1)","decl":{"start":{"line":33,"column":8},"end":{"line":33,"column":9}},"loc":{"start":{"line":33,"column":28},"end":{"line":39,"column":1}},"line":33}},"branchMap":{"0":{"loc":{"start":{"line":23,"column":12},"end":{"line":23,"column":79}},"type":"cond-expr","locations":[{"start":{"line":23,"column":51},"end":{"line":23,"column":62}},{"start":{"line":23,"column":65},"end":{"line":23,"column":79}}],"line":23},"1":{"loc":{"start":{"line":35,"column":4},"end":{"line":37,"column":5}},"type":"if","locations":[{"start":{"line":35,"column":4},"end":{"line":37,"column":5}},{"start":{},"end":{}}],"line":35},"2":{"loc":{"start":{"line":35,"column":8},"end":{"line":35,"column":71}},"type":"binary-expr","locations":[{"start":{"line":35,"column":8},"end":{"line":35,"column":40}},{"start":{"line":35,"column":44},"end":{"line":35,"column":71}}],"line":35}},"s":{"0":6,"1":6,"2":6,"3":6,"4":6,"5":6,"6":1,"7":6,"8":6,"9":0,"10":0,"11":0,"12":6},"f":{"0":1,"1":0},"b":{"0":[1,0],"1":[0,0],"2":[0,0]},"_coverageSchema":"1a1c01bbd47fc00a2c39e90264f33305004495a9","hash":"739e8fa7df33424c1f0ebb52f7828a59dce50ba5"}
,"C:\\Users\\alexv\\Documents\\UTAD\\WebII\\practica\\src\\config\\index.js": {"path":"C:\\Users\\alexv\\Documents\\UTAD\\WebII\\practica\\src\\config\\index.js","statementMap":{"0":{"start":{"line":3,"column":18},"end":{"line":11,"column":2}},"1":{"start":{"line":13,"column":15},"end":{"line":13,"column":47}},"2":{"start":{"line":15,"column":0},"end":{"line":18,"column":1}},"3":{"start":{"line":16,"column":4},"end":{"line":16,"column":79}},"4":{"start":{"line":17,"column":4},"end":{"line":17,"column":20}},"5":{"start":{"line":20,"column":22},"end":{"line":20,"column":33}}},"fnMap":{},"branchMap":{"0":{"loc":{"start":{"line":15,"column":0},"end":{"line":18,"column":1}},"type":"if","locations":[{"start":{"line":15,"column":0},"end":{"line":18,"column":1}},{"start":{},"end":{}}],"line":15}},"s":{"0":6,"1":6,"2":6,"3":0,"4":0,"5":6},"f":{},"b":{"0":[0,6]},"_coverageSchema":"1a1c01bbd47fc00a2c39e90264f33305004495a9","hash":"8db341ac761cbfe1997e35f3abc63c60849e924c"}
,"C:\\Users\\alexv\\Documents\\UTAD\\WebII\\practica\\src\\config\\swagger.js": {"path":"C:\\Users\\alexv\\Documents\\UTAD\\WebII\\practica\\src\\config\\swagger.js","statementMap":{"0":{"start":{"line":4,"column":16},"end":{"line":25,"column":1}},"1":{"start":{"line":27,"column":21},"end":{"line":31,"column":1}},"2":{"start":{"line":28,"column":24},"end":{"line":28,"column":45}},"3":{"start":{"line":29,"column":4},"end":{"line":29,"column":72}},"4":{"start":{"line":30,"column":4},"end":{"line":30,"column":67}}},"fnMap":{"0":{"name":"(anonymous_0)","decl":{"start":{"line":27,"column":21},"end":{"line":27,"column":22}},"loc":{"start":{"line":27,"column":30},"end":{"line":31,"column":1}},"line":27}},"branchMap":{},"s":{"0":6,"1":6,"2":6,"3":6,"4":6},"f":{"0":6},"b":{},"_coverageSchema":"1a1c01bbd47fc00a2c39e90264f33305004495a9","hash":"f5bb8d87f0557a398000792050d27a093c899028"}
,"C:\\Users\\alexv\\Documents\\UTAD\\WebII\\practica\\src\\controllers\\client.controller.js": {"path":"C:\\Users\\alexv\\Documents\\UTAD\\WebII\\practica\\src\\controllers\\client.controller.js","statementMap":{"0":{"start":{"line":5,"column":28},"end":{"line":20,"column":1}},"1":{"start":{"line":6,"column":4},"end":{"line":19,"column":36}},"2":{"start":{"line":7,"column":24},"end":{"line":7,"column":32}},"3":{"start":{"line":8,"column":31},"end":{"line":8,"column":87}},"4":{"start":{"line":9,"column":8},"end":{"line":9,"column":111}},"5":{"start":{"line":9,"column":28},"end":{"line":9,"column":111}},"6":{"start":{"line":11,"column":23},"end":{"line":15,"column":10}},"7":{"start":{"line":17,"column":8},"end":{"line":17,"column":62}},"8":{"start":{"line":18,"column":8},"end":{"line":18,"column":37}},"9":{"start":{"line":19,"column":22},"end":{"line":19,"column":34}},"10":{"start":{"line":22,"column":26},"end":{"line":38,"column":1}},"11":{"start":{"line":23,"column":4},"end":{"line":37,"column":36}},"12":{"start":{"line":24,"column":21},"end":{"line":24,"column":50}},"13":{"start":{"line":25,"column":22},"end":{"line":25,"column":53}},"14":{"start":{"line":26,"column":21},"end":{"line":26,"column":39}},"15":{"start":{"line":28,"column":22},"end":{"line":28,"column":51}},"16":{"start":{"line":29,"column":8},"end":{"line":29,"column":83}},"17":{"start":{"line":29,"column":28},"end":{"line":29,"column":83}},"18":{"start":{"line":31,"column":21},"end":{"line":31,"column":88}},"19":{"start":{"line":33,"column":24},"end":{"line":33,"column":83}},"20":{"start":{"line":34,"column":27},"end":{"line":34,"column":61}},"21":{"start":{"line":36,"column":8},"end":{"line":36,"column":110}},"22":{"start":{"line":37,"column":22},"end":{"line":37,"column":34}},"23":{"start":{"line":40,"column":25},"end":{"line":46,"column":1}},"24":{"start":{"line":41,"column":4},"end":{"line":45,"column":36}},"25":{"start":{"line":42,"column":23},"end":{"line":42,"column":94}},"26":{"start":{"line":43,"column":8},"end":{"line":43,"column":77}},"27":{"start":{"line":43,"column":21},"end":{"line":43,"column":77}},"28":{"start":{"line":44,"column":8},"end":{"line":44,"column":25}},"29":{"start":{"line":45,"column":22},"end":{"line":45,"column":34}},"30":{"start":{"line":48,"column":28},"end":{"line":58,"column":1}},"31":{"start":{"line":49,"column":4},"end":{"line":57,"column":36}},"32":{"start":{"line":50,"column":23},"end":{"line":54,"column":9}},"33":{"start":{"line":55,"column":8},"end":{"line":55,"column":77}},"34":{"start":{"line":55,"column":21},"end":{"line":55,"column":77}},"35":{"start":{"line":56,"column":8},"end":{"line":56,"column":25}},"36":{"start":{"line":57,"column":22},"end":{"line":57,"column":34}},"37":{"start":{"line":60,"column":28},"end":{"line":77,"column":1}},"38":{"start":{"line":61,"column":4},"end":{"line":76,"column":36}},"39":{"start":{"line":62,"column":25},"end":{"line":62,"column":34}},"40":{"start":{"line":63,"column":8},"end":{"line":75,"column":9}},"41":{"start":{"line":64,"column":27},"end":{"line":68,"column":13}},"42":{"start":{"line":69,"column":12},"end":{"line":69,"column":81}},"43":{"start":{"line":69,"column":25},"end":{"line":69,"column":81}},"44":{"start":{"line":70,"column":12},"end":{"line":70,"column":76}},"45":{"start":{"line":72,"column":27},"end":{"line":72,"column":107}},"46":{"start":{"line":73,"column":12},"end":{"line":73,"column":81}},"47":{"start":{"line":73,"column":25},"end":{"line":73,"column":81}},"48":{"start":{"line":74,"column":12},"end":{"line":74,"column":42}},"49":{"start":{"line":76,"column":22},"end":{"line":76,"column":34}},"50":{"start":{"line":79,"column":34},"end":{"line":84,"column":1}},"51":{"start":{"line":80,"column":4},"end":{"line":83,"column":36}},"52":{"start":{"line":81,"column":24},"end":{"line":81,"column":87}},"53":{"start":{"line":82,"column":8},"end":{"line":82,"column":26}},"54":{"start":{"line":83,"column":22},"end":{"line":83,"column":34}},"55":{"start":{"line":86,"column":29},"end":{"line":96,"column":1}},"56":{"start":{"line":87,"column":4},"end":{"line":95,"column":36}},"57":{"start":{"line":88,"column":23},"end":{"line":92,"column":9}},"58":{"start":{"line":93,"column":8},"end":{"line":93,"column":87}},"59":{"start":{"line":93,"column":21},"end":{"line":93,"column":87}},"60":{"start":{"line":94,"column":8},"end":{"line":94,"column":74}},"61":{"start":{"line":95,"column":22},"end":{"line":95,"column":34}}},"fnMap":{"0":{"name":"(anonymous_0)","decl":{"start":{"line":5,"column":28},"end":{"line":5,"column":29}},"loc":{"start":{"line":5,"column":54},"end":{"line":20,"column":1}},"line":5},"1":{"name":"(anonymous_1)","decl":{"start":{"line":22,"column":26},"end":{"line":22,"column":27}},"loc":{"start":{"line":22,"column":52},"end":{"line":38,"column":1}},"line":22},"2":{"name":"(anonymous_2)","decl":{"start":{"line":40,"column":25},"end":{"line":40,"column":26}},"loc":{"start":{"line":40,"column":51},"end":{"line":46,"column":1}},"line":40},"3":{"name":"(anonymous_3)","decl":{"start":{"line":48,"column":28},"end":{"line":48,"column":29}},"loc":{"start":{"line":48,"column":54},"end":{"line":58,"column":1}},"line":48},"4":{"name":"(anonymous_4)","decl":{"start":{"line":60,"column":28},"end":{"line":60,"column":29}},"loc":{"start":{"line":60,"column":54},"end":{"line":77,"column":1}},"line":60},"5":{"name":"(anonymous_5)","decl":{"start":{"line":79,"column":34},"end":{"line":79,"column":35}},"loc":{"start":{"line":79,"column":60},"end":{"line":84,"column":1}},"line":79},"6":{"name":"(anonymous_6)","decl":{"start":{"line":86,"column":29},"end":{"line":86,"column":30}},"loc":{"start":{"line":86,"column":55},"end":{"line":96,"column":1}},"line":86}},"branchMap":{"0":{"loc":{"start":{"line":9,"column":8},"end":{"line":9,"column":111}},"type":"if","locations":[{"start":{"line":9,"column":8},"end":{"line":9,"column":111}},{"start":{},"end":{}}],"line":9},"1":{"loc":{"start":{"line":24,"column":21},"end":{"line":24,"column":50}},"type":"binary-expr","locations":[{"start":{"line":24,"column":21},"end":{"line":24,"column":45}},{"start":{"line":24,"column":49},"end":{"line":24,"column":50}}],"line":24},"2":{"loc":{"start":{"line":25,"column":22},"end":{"line":25,"column":53}},"type":"binary-expr","locations":[{"start":{"line":25,"column":22},"end":{"line":25,"column":47}},{"start":{"line":25,"column":51},"end":{"line":25,"column":53}}],"line":25},"3":{"loc":{"start":{"line":29,"column":8},"end":{"line":29,"column":83}},"type":"if","locations":[{"start":{"line":29,"column":8},"end":{"line":29,"column":83}},{"start":{},"end":{}}],"line":29},"4":{"loc":{"start":{"line":31,"column":21},"end":{"line":31,"column":88}},"type":"cond-expr","locations":[{"start":{"line":31,"column":38},"end":{"line":31,"column":73}},{"start":{"line":31,"column":76},"end":{"line":31,"column":88}}],"line":31},"5":{"loc":{"start":{"line":43,"column":8},"end":{"line":43,"column":77}},"type":"if","locations":[{"start":{"line":43,"column":8},"end":{"line":43,"column":77}},{"start":{},"end":{}}],"line":43},"6":{"loc":{"start":{"line":55,"column":8},"end":{"line":55,"column":77}},"type":"if","locations":[{"start":{"line":55,"column":8},"end":{"line":55,"column":77}},{"start":{},"end":{}}],"line":55},"7":{"loc":{"start":{"line":63,"column":8},"end":{"line":75,"column":9}},"type":"if","locations":[{"start":{"line":63,"column":8},"end":{"line":75,"column":9}},{"start":{"line":71,"column":15},"end":{"line":75,"column":9}}],"line":63},"8":{"loc":{"start":{"line":69,"column":12},"end":{"line":69,"column":81}},"type":"if","locations":[{"start":{"line":69,"column":12},"end":{"line":69,"column":81}},{"start":{},"end":{}}],"line":69},"9":{"loc":{"start":{"line":73,"column":12},"end":{"line":73,"column":81}},"type":"if","locations":[{"start":{"line":73,"column":12},"end":{"line":73,"column":81}},{"start":{},"end":{}}],"line":73},"10":{"loc":{"start":{"line":93,"column":8},"end":{"line":93,"column":87}},"type":"if","locations":[{"start":{"line":93,"column":8},"end":{"line":93,"column":87}},{"start":{},"end":{}}],"line":93}},"s":{"0":6,"1":3,"2":3,"3":3,"4":3,"5":1,"6":2,"7":2,"8":2,"9":0,"10":6,"11":1,"12":1,"13":1,"14":1,"15":1,"16":1,"17":0,"18":1,"19":1,"20":1,"21":1,"22":0,"23":6,"24":2,"25":2,"26":2,"27":1,"28":1,"29":0,"30":6,"31":1,"32":1,"33":1,"34":0,"35":1,"36":0,"37":6,"38":2,"39":2,"40":2,"41":1,"42":1,"43":0,"44":1,"45":1,"46":1,"47":0,"48":1,"49":0,"50":6,"51":1,"52":1,"53":1,"54":0,"55":6,"56":0,"57":0,"58":0,"59":0,"60":0,"61":0},"f":{"0":3,"1":1,"2":2,"3":1,"4":2,"5":1,"6":0},"b":{"0":[1,2],"1":[1,0],"2":[1,0],"3":[0,1],"4":[0,1],"5":[1,1],"6":[0,1],"7":[1,1],"8":[0,1],"9":[0,1],"10":[0,0]},"_coverageSchema":"1a1c01bbd47fc00a2c39e90264f33305004495a9","hash":"9f375aa04a08c1425ef5944b70b4f6b487c9c9ff"}
,"C:\\Users\\alexv\\Documents\\UTAD\\WebII\\practica\\src\\controllers\\deliveryNote.controller.js": {"path":"C:\\Users\\alexv\\Documents\\UTAD\\WebII\\practica\\src\\controllers\\deliveryNote.controller.js","statementMap":{"0":{"start":{"line":8,"column":34},"end":{"line":29,"column":1}},"1":{"start":{"line":9,"column":4},"end":{"line":28,"column":36}},"2":{"start":{"line":10,"column":28},"end":{"line":10,"column":36}},"3":{"start":{"line":12,"column":32},"end":{"line":12,"column":98}},"4":{"start":{"line":13,"column":8},"end":{"line":15,"column":9}},"5":{"start":{"line":14,"column":12},"end":{"line":14,"column":102}},"6":{"start":{"line":17,"column":35},"end":{"line":17,"column":54}},"7":{"start":{"line":18,"column":29},"end":{"line":23,"column":10}},"8":{"start":{"line":25,"column":8},"end":{"line":25,"column":74}},"9":{"start":{"line":27,"column":8},"end":{"line":27,"column":43}},"10":{"start":{"line":28,"column":22},"end":{"line":28,"column":34}},"11":{"start":{"line":31,"column":32},"end":{"line":67,"column":1}},"12":{"start":{"line":32,"column":4},"end":{"line":66,"column":36}},"13":{"start":{"line":33,"column":21},"end":{"line":33,"column":50}},"14":{"start":{"line":34,"column":22},"end":{"line":34,"column":53}},"15":{"start":{"line":35,"column":21},"end":{"line":35,"column":39}},"16":{"start":{"line":37,"column":22},"end":{"line":37,"column":51}},"17":{"start":{"line":38,"column":8},"end":{"line":38,"column":65}},"18":{"start":{"line":38,"column":31},"end":{"line":38,"column":65}},"19":{"start":{"line":39,"column":8},"end":{"line":39,"column":62}},"20":{"start":{"line":39,"column":30},"end":{"line":39,"column":62}},"21":{"start":{"line":40,"column":8},"end":{"line":40,"column":62}},"22":{"start":{"line":40,"column":30},"end":{"line":40,"column":62}},"23":{"start":{"line":42,"column":8},"end":{"line":46,"column":9}},"24":{"start":{"line":43,"column":12},"end":{"line":43,"column":28}},"25":{"start":{"line":44,"column":12},"end":{"line":44,"column":75}},"26":{"start":{"line":44,"column":32},"end":{"line":44,"column":75}},"27":{"start":{"line":45,"column":12},"end":{"line":45,"column":71}},"28":{"start":{"line":45,"column":30},"end":{"line":45,"column":71}},"29":{"start":{"line":48,"column":21},"end":{"line":48,"column":83}},"30":{"start":{"line":50,"column":30},"end":{"line":56,"column":48}},"31":{"start":{"line":58,"column":27},"end":{"line":58,"column":67}},"32":{"start":{"line":60,"column":8},"end":{"line":65,"column":11}},"33":{"start":{"line":66,"column":22},"end":{"line":66,"column":34}},"34":{"start":{"line":69,"column":31},"end":{"line":76,"column":1}},"35":{"start":{"line":70,"column":4},"end":{"line":75,"column":36}},"36":{"start":{"line":71,"column":29},"end":{"line":72,"column":87}},"37":{"start":{"line":73,"column":8},"end":{"line":73,"column":83}},"38":{"start":{"line":73,"column":27},"end":{"line":73,"column":83}},"39":{"start":{"line":74,"column":8},"end":{"line":74,"column":31}},"40":{"start":{"line":75,"column":22},"end":{"line":75,"column":34}},"41":{"start":{"line":78,"column":32},"end":{"line":94,"column":1}},"42":{"start":{"line":79,"column":4},"end":{"line":93,"column":36}},"43":{"start":{"line":80,"column":29},"end":{"line":80,"column":106}},"44":{"start":{"line":81,"column":8},"end":{"line":81,"column":83}},"45":{"start":{"line":81,"column":27},"end":{"line":81,"column":83}},"46":{"start":{"line":82,"column":8},"end":{"line":82,"column":98}},"47":{"start":{"line":82,"column":46},"end":{"line":82,"column":98}},"48":{"start":{"line":83,"column":8},"end":{"line":83,"column":87}},"49":{"start":{"line":83,"column":23},"end":{"line":83,"column":87}},"50":{"start":{"line":85,"column":29},"end":{"line":85,"column":70}},"51":{"start":{"line":86,"column":8},"end":{"line":86,"column":39}},"52":{"start":{"line":87,"column":8},"end":{"line":87,"column":49}},"53":{"start":{"line":88,"column":8},"end":{"line":88,"column":34}},"54":{"start":{"line":90,"column":8},"end":{"line":90,"column":77}},"55":{"start":{"line":92,"column":8},"end":{"line":92,"column":73}},"56":{"start":{"line":93,"column":22},"end":{"line":93,"column":34}},"57":{"start":{"line":96,"column":27},"end":{"line":107,"column":1}},"58":{"start":{"line":97,"column":4},"end":{"line":106,"column":36}},"59":{"start":{"line":98,"column":29},"end":{"line":99,"column":67}},"60":{"start":{"line":100,"column":8},"end":{"line":100,"column":83}},"61":{"start":{"line":100,"column":27},"end":{"line":100,"column":83}},"62":{"start":{"line":102,"column":26},"end":{"line":102,"column":69}},"63":{"start":{"line":103,"column":8},"end":{"line":103,"column":57}},"64":{"start":{"line":104,"column":8},"end":{"line":104,"column":116}},"65":{"start":{"line":105,"column":8},"end":{"line":105,"column":28}},"66":{"start":{"line":106,"column":22},"end":{"line":106,"column":34}},"67":{"start":{"line":109,"column":34},"end":{"line":117,"column":1}},"68":{"start":{"line":110,"column":4},"end":{"line":116,"column":36}},"69":{"start":{"line":111,"column":29},"end":{"line":111,"column":106}},"70":{"start":{"line":112,"column":8},"end":{"line":112,"column":83}},"71":{"start":{"line":112,"column":27},"end":{"line":112,"column":83}},"72":{"start":{"line":113,"column":8},"end":{"line":113,"column":120}},"73":{"start":{"line":113,"column":46},"end":{"line":113,"column":120}},"74":{"start":{"line":114,"column":8},"end":{"line":114,"column":60}},"75":{"start":{"line":115,"column":8},"end":{"line":115,"column":31}},"76":{"start":{"line":116,"column":22},"end":{"line":116,"column":34}}},"fnMap":{"0":{"name":"(anonymous_0)","decl":{"start":{"line":8,"column":34},"end":{"line":8,"column":35}},"loc":{"start":{"line":8,"column":60},"end":{"line":29,"column":1}},"line":8},"1":{"name":"(anonymous_1)","decl":{"start":{"line":31,"column":32},"end":{"line":31,"column":33}},"loc":{"start":{"line":31,"column":58},"end":{"line":67,"column":1}},"line":31},"2":{"name":"(anonymous_2)","decl":{"start":{"line":69,"column":31},"end":{"line":69,"column":32}},"loc":{"start":{"line":69,"column":57},"end":{"line":76,"column":1}},"line":69},"3":{"name":"(anonymous_3)","decl":{"start":{"line":78,"column":32},"end":{"line":78,"column":33}},"loc":{"start":{"line":78,"column":58},"end":{"line":94,"column":1}},"line":78},"4":{"name":"(anonymous_4)","decl":{"start":{"line":96,"column":27},"end":{"line":96,"column":28}},"loc":{"start":{"line":96,"column":53},"end":{"line":107,"column":1}},"line":96},"5":{"name":"(anonymous_5)","decl":{"start":{"line":109,"column":34},"end":{"line":109,"column":35}},"loc":{"start":{"line":109,"column":60},"end":{"line":117,"column":1}},"line":109}},"branchMap":{"0":{"loc":{"start":{"line":13,"column":8},"end":{"line":15,"column":9}},"type":"if","locations":[{"start":{"line":13,"column":8},"end":{"line":15,"column":9}},{"start":{},"end":{}}],"line":13},"1":{"loc":{"start":{"line":33,"column":21},"end":{"line":33,"column":50}},"type":"binary-expr","locations":[{"start":{"line":33,"column":21},"end":{"line":33,"column":45}},{"start":{"line":33,"column":49},"end":{"line":33,"column":50}}],"line":33},"2":{"loc":{"start":{"line":34,"column":22},"end":{"line":34,"column":53}},"type":"binary-expr","locations":[{"start":{"line":34,"column":22},"end":{"line":34,"column":47}},{"start":{"line":34,"column":51},"end":{"line":34,"column":53}}],"line":34},"3":{"loc":{"start":{"line":38,"column":8},"end":{"line":38,"column":65}},"type":"if","locations":[{"start":{"line":38,"column":8},"end":{"line":38,"column":65}},{"start":{},"end":{}}],"line":38},"4":{"loc":{"start":{"line":39,"column":8},"end":{"line":39,"column":62}},"type":"if","locations":[{"start":{"line":39,"column":8},"end":{"line":39,"column":62}},{"start":{},"end":{}}],"line":39},"5":{"loc":{"start":{"line":40,"column":8},"end":{"line":40,"column":62}},"type":"if","locations":[{"start":{"line":40,"column":8},"end":{"line":40,"column":62}},{"start":{},"end":{}}],"line":40},"6":{"loc":{"start":{"line":42,"column":8},"end":{"line":46,"column":9}},"type":"if","locations":[{"start":{"line":42,"column":8},"end":{"line":46,"column":9}},{"start":{},"end":{}}],"line":42},"7":{"loc":{"start":{"line":42,"column":12},"end":{"line":42,"column":42}},"type":"binary-expr","locations":[{"start":{"line":42,"column":12},"end":{"line":42,"column":26}},{"start":{"line":42,"column":30},"end":{"line":42,"column":42}}],"line":42},"8":{"loc":{"start":{"line":44,"column":12},"end":{"line":44,"column":75}},"type":"if","locations":[{"start":{"line":44,"column":12},"end":{"line":44,"column":75}},{"start":{},"end":{}}],"line":44},"9":{"loc":{"start":{"line":45,"column":12},"end":{"line":45,"column":71}},"type":"if","locations":[{"start":{"line":45,"column":12},"end":{"line":45,"column":71}},{"start":{},"end":{}}],"line":45},"10":{"loc":{"start":{"line":48,"column":21},"end":{"line":48,"column":83}},"type":"cond-expr","locations":[{"start":{"line":48,"column":38},"end":{"line":48,"column":73}},{"start":{"line":48,"column":76},"end":{"line":48,"column":83}}],"line":48},"11":{"loc":{"start":{"line":73,"column":8},"end":{"line":73,"column":83}},"type":"if","locations":[{"start":{"line":73,"column":8},"end":{"line":73,"column":83}},{"start":{},"end":{}}],"line":73},"12":{"loc":{"start":{"line":81,"column":8},"end":{"line":81,"column":83}},"type":"if","locations":[{"start":{"line":81,"column":8},"end":{"line":81,"column":83}},{"start":{},"end":{}}],"line":81},"13":{"loc":{"start":{"line":82,"column":8},"end":{"line":82,"column":98}},"type":"if","locations":[{"start":{"line":82,"column":8},"end":{"line":82,"column":98}},{"start":{},"end":{}}],"line":82},"14":{"loc":{"start":{"line":83,"column":8},"end":{"line":83,"column":87}},"type":"if","locations":[{"start":{"line":83,"column":8},"end":{"line":83,"column":87}},{"start":{},"end":{}}],"line":83},"15":{"loc":{"start":{"line":100,"column":8},"end":{"line":100,"column":83}},"type":"if","locations":[{"start":{"line":100,"column":8},"end":{"line":100,"column":83}},{"start":{},"end":{}}],"line":100},"16":{"loc":{"start":{"line":112,"column":8},"end":{"line":112,"column":83}},"type":"if","locations":[{"start":{"line":112,"column":8},"end":{"line":112,"column":83}},{"start":{},"end":{}}],"line":112},"17":{"loc":{"start":{"line":113,"column":8},"end":{"line":113,"column":120}},"type":"if","locations":[{"start":{"line":113,"column":8},"end":{"line":113,"column":120}},{"start":{},"end":{}}],"line":113}},"s":{"0":6,"1":5,"2":5,"3":5,"4":5,"5":1,"6":4,"7":4,"8":4,"9":4,"10":0,"11":6,"12":1,"13":1,"14":1,"15":1,"16":1,"17":1,"18":0,"19":1,"20":0,"21":1,"22":0,"23":1,"24":0,"25":0,"26":0,"27":0,"28":0,"29":1,"30":1,"31":1,"32":1,"33":0,"34":6,"35":2,"36":2,"37":2,"38":1,"39":1,"40":0,"41":6,"42":0,"43":0,"44":0,"45":0,"46":0,"47":0,"48":0,"49":0,"50":0,"51":0,"52":0,"53":0,"54":0,"55":0,"56":0,"57":6,"58":0,"59":0,"60":0,"61":0,"62":0,"63":0,"64":0,"65":0,"66":0,"67":6,"68":1,"69":1,"70":1,"71":0,"72":1,"73":0,"74":1,"75":1,"76":0},"f":{"0":5,"1":1,"2":2,"3":0,"4":0,"5":1},"b":{"0":[1,4],"1":[1,1],"2":[1,1],"3":[0,1],"4":[0,1],"5":[0,1],"6":[0,1],"7":[1,1],"8":[0,0],"9":[0,0],"10":[0,1],"11":[1,1],"12":[0,0],"13":[0,0],"14":[0,0],"15":[0,0],"16":[0,1],"17":[0,1]},"_coverageSchema":"1a1c01bbd47fc00a2c39e90264f33305004495a9","hash":"231e4f2bd6abde186dde379c12eecd0b44c22f8f"}
,"C:\\Users\\alexv\\Documents\\UTAD\\WebII\\practica\\src\\controllers\\project.controller.js": {"path":"C:\\Users\\alexv\\Documents\\UTAD\\WebII\\practica\\src\\controllers\\project.controller.js","statementMap":{"0":{"start":{"line":4,"column":29},"end":{"line":19,"column":1}},"1":{"start":{"line":5,"column":4},"end":{"line":18,"column":36}},"2":{"start":{"line":6,"column":32},"end":{"line":6,"column":40}},"3":{"start":{"line":8,"column":25},"end":{"line":8,"column":90}},"4":{"start":{"line":9,"column":8},"end":{"line":9,"column":108}},"5":{"start":{"line":9,"column":22},"end":{"line":9,"column":108}},"6":{"start":{"line":11,"column":24},"end":{"line":15,"column":10}},"7":{"start":{"line":17,"column":8},"end":{"line":17,"column":38}},"8":{"start":{"line":18,"column":22},"end":{"line":18,"column":34}},"9":{"start":{"line":21,"column":27},"end":{"line":52,"column":1}},"10":{"start":{"line":22,"column":4},"end":{"line":51,"column":36}},"11":{"start":{"line":23,"column":26},"end":{"line":23,"column":43}},"12":{"start":{"line":24,"column":8},"end":{"line":24,"column":54}},"13":{"start":{"line":24,"column":24},"end":{"line":24,"column":54}},"14":{"start":{"line":26,"column":21},"end":{"line":26,"column":50}},"15":{"start":{"line":27,"column":22},"end":{"line":27,"column":53}},"16":{"start":{"line":28,"column":21},"end":{"line":28,"column":39}},"17":{"start":{"line":30,"column":22},"end":{"line":30,"column":68}},"18":{"start":{"line":31,"column":8},"end":{"line":31,"column":62}},"19":{"start":{"line":31,"column":30},"end":{"line":31,"column":62}},"20":{"start":{"line":32,"column":8},"end":{"line":32,"column":83}},"21":{"start":{"line":32,"column":28},"end":{"line":32,"column":83}},"22":{"start":{"line":33,"column":8},"end":{"line":33,"column":73}},"23":{"start":{"line":33,"column":30},"end":{"line":33,"column":73}},"24":{"start":{"line":35,"column":21},"end":{"line":35,"column":88}},"25":{"start":{"line":37,"column":25},"end":{"line":41,"column":43}},"26":{"start":{"line":43,"column":27},"end":{"line":43,"column":62}},"27":{"start":{"line":45,"column":8},"end":{"line":50,"column":11}},"28":{"start":{"line":51,"column":22},"end":{"line":51,"column":34}},"29":{"start":{"line":54,"column":26},"end":{"line":61,"column":1}},"30":{"start":{"line":55,"column":4},"end":{"line":60,"column":36}},"31":{"start":{"line":56,"column":24},"end":{"line":57,"column":43}},"32":{"start":{"line":58,"column":8},"end":{"line":58,"column":79}},"33":{"start":{"line":58,"column":22},"end":{"line":58,"column":79}},"34":{"start":{"line":59,"column":8},"end":{"line":59,"column":26}},"35":{"start":{"line":60,"column":22},"end":{"line":60,"column":34}},"36":{"start":{"line":63,"column":29},"end":{"line":73,"column":1}},"37":{"start":{"line":64,"column":4},"end":{"line":72,"column":36}},"38":{"start":{"line":65,"column":24},"end":{"line":69,"column":9}},"39":{"start":{"line":70,"column":8},"end":{"line":70,"column":79}},"40":{"start":{"line":70,"column":22},"end":{"line":70,"column":79}},"41":{"start":{"line":71,"column":8},"end":{"line":71,"column":26}},"42":{"start":{"line":72,"column":22},"end":{"line":72,"column":34}},"43":{"start":{"line":75,"column":29},"end":{"line":92,"column":1}},"44":{"start":{"line":76,"column":4},"end":{"line":91,"column":36}},"45":{"start":{"line":77,"column":25},"end":{"line":77,"column":34}},"46":{"start":{"line":78,"column":8},"end":{"line":90,"column":9}},"47":{"start":{"line":79,"column":28},"end":{"line":83,"column":13}},"48":{"start":{"line":84,"column":12},"end":{"line":84,"column":83}},"49":{"start":{"line":84,"column":26},"end":{"line":84,"column":83}},"50":{"start":{"line":85,"column":12},"end":{"line":85,"column":77}},"51":{"start":{"line":87,"column":28},"end":{"line":87,"column":109}},"52":{"start":{"line":88,"column":12},"end":{"line":88,"column":83}},"53":{"start":{"line":88,"column":26},"end":{"line":88,"column":83}},"54":{"start":{"line":89,"column":12},"end":{"line":89,"column":42}},"55":{"start":{"line":91,"column":22},"end":{"line":91,"column":34}},"56":{"start":{"line":94,"column":35},"end":{"line":99,"column":1}},"57":{"start":{"line":95,"column":4},"end":{"line":98,"column":36}},"58":{"start":{"line":96,"column":25},"end":{"line":96,"column":89}},"59":{"start":{"line":97,"column":8},"end":{"line":97,"column":37}},"60":{"start":{"line":98,"column":22},"end":{"line":98,"column":34}},"61":{"start":{"line":101,"column":30},"end":{"line":111,"column":1}},"62":{"start":{"line":102,"column":4},"end":{"line":110,"column":36}},"63":{"start":{"line":103,"column":24},"end":{"line":107,"column":9}},"64":{"start":{"line":108,"column":8},"end":{"line":108,"column":89}},"65":{"start":{"line":108,"column":22},"end":{"line":108,"column":89}},"66":{"start":{"line":109,"column":8},"end":{"line":109,"column":76}},"67":{"start":{"line":110,"column":22},"end":{"line":110,"column":34}}},"fnMap":{"0":{"name":"(anonymous_0)","decl":{"start":{"line":4,"column":29},"end":{"line":4,"column":30}},"loc":{"start":{"line":4,"column":55},"end":{"line":19,"column":1}},"line":4},"1":{"name":"(anonymous_1)","decl":{"start":{"line":21,"column":27},"end":{"line":21,"column":28}},"loc":{"start":{"line":21,"column":53},"end":{"line":52,"column":1}},"line":21},"2":{"name":"(anonymous_2)","decl":{"start":{"line":54,"column":26},"end":{"line":54,"column":27}},"loc":{"start":{"line":54,"column":52},"end":{"line":61,"column":1}},"line":54},"3":{"name":"(anonymous_3)","decl":{"start":{"line":63,"column":29},"end":{"line":63,"column":30}},"loc":{"start":{"line":63,"column":55},"end":{"line":73,"column":1}},"line":63},"4":{"name":"(anonymous_4)","decl":{"start":{"line":75,"column":29},"end":{"line":75,"column":30}},"loc":{"start":{"line":75,"column":55},"end":{"line":92,"column":1}},"line":75},"5":{"name":"(anonymous_5)","decl":{"start":{"line":94,"column":35},"end":{"line":94,"column":36}},"loc":{"start":{"line":94,"column":61},"end":{"line":99,"column":1}},"line":94},"6":{"name":"(anonymous_6)","decl":{"start":{"line":101,"column":30},"end":{"line":101,"column":31}},"loc":{"start":{"line":101,"column":56},"end":{"line":111,"column":1}},"line":101}},"branchMap":{"0":{"loc":{"start":{"line":9,"column":8},"end":{"line":9,"column":108}},"type":"if","locations":[{"start":{"line":9,"column":8},"end":{"line":9,"column":108}},{"start":{},"end":{}}],"line":9},"1":{"loc":{"start":{"line":24,"column":8},"end":{"line":24,"column":54}},"type":"if","locations":[{"start":{"line":24,"column":8},"end":{"line":24,"column":54}},{"start":{},"end":{}}],"line":24},"2":{"loc":{"start":{"line":26,"column":21},"end":{"line":26,"column":50}},"type":"binary-expr","locations":[{"start":{"line":26,"column":21},"end":{"line":26,"column":45}},{"start":{"line":26,"column":49},"end":{"line":26,"column":50}}],"line":26},"3":{"loc":{"start":{"line":27,"column":22},"end":{"line":27,"column":53}},"type":"binary-expr","locations":[{"start":{"line":27,"column":22},"end":{"line":27,"column":47}},{"start":{"line":27,"column":51},"end":{"line":27,"column":53}}],"line":27},"4":{"loc":{"start":{"line":31,"column":8},"end":{"line":31,"column":62}},"type":"if","locations":[{"start":{"line":31,"column":8},"end":{"line":31,"column":62}},{"start":{},"end":{}}],"line":31},"5":{"loc":{"start":{"line":32,"column":8},"end":{"line":32,"column":83}},"type":"if","locations":[{"start":{"line":32,"column":8},"end":{"line":32,"column":83}},{"start":{},"end":{}}],"line":32},"6":{"loc":{"start":{"line":33,"column":8},"end":{"line":33,"column":73}},"type":"if","locations":[{"start":{"line":33,"column":8},"end":{"line":33,"column":73}},{"start":{},"end":{}}],"line":33},"7":{"loc":{"start":{"line":35,"column":21},"end":{"line":35,"column":88}},"type":"cond-expr","locations":[{"start":{"line":35,"column":38},"end":{"line":35,"column":73}},{"start":{"line":35,"column":76},"end":{"line":35,"column":88}}],"line":35},"8":{"loc":{"start":{"line":58,"column":8},"end":{"line":58,"column":79}},"type":"if","locations":[{"start":{"line":58,"column":8},"end":{"line":58,"column":79}},{"start":{},"end":{}}],"line":58},"9":{"loc":{"start":{"line":70,"column":8},"end":{"line":70,"column":79}},"type":"if","locations":[{"start":{"line":70,"column":8},"end":{"line":70,"column":79}},{"start":{},"end":{}}],"line":70},"10":{"loc":{"start":{"line":78,"column":8},"end":{"line":90,"column":9}},"type":"if","locations":[{"start":{"line":78,"column":8},"end":{"line":90,"column":9}},{"start":{"line":86,"column":15},"end":{"line":90,"column":9}}],"line":78},"11":{"loc":{"start":{"line":84,"column":12},"end":{"line":84,"column":83}},"type":"if","locations":[{"start":{"line":84,"column":12},"end":{"line":84,"column":83}},{"start":{},"end":{}}],"line":84},"12":{"loc":{"start":{"line":88,"column":12},"end":{"line":88,"column":83}},"type":"if","locations":[{"start":{"line":88,"column":12},"end":{"line":88,"column":83}},{"start":{},"end":{}}],"line":88},"13":{"loc":{"start":{"line":108,"column":8},"end":{"line":108,"column":89}},"type":"if","locations":[{"start":{"line":108,"column":8},"end":{"line":108,"column":89}},{"start":{},"end":{}}],"line":108}},"s":{"0":6,"1":5,"2":5,"3":5,"4":5,"5":1,"6":4,"7":4,"8":0,"9":6,"10":1,"11":1,"12":1,"13":0,"14":1,"15":1,"16":1,"17":1,"18":1,"19":0,"20":1,"21":0,"22":1,"23":0,"24":1,"25":1,"26":1,"27":1,"28":0,"29":6,"30":1,"31":1,"32":1,"33":0,"34":1,"35":0,"36":6,"37":0,"38":0,"39":0,"40":0,"41":0,"42":0,"43":6,"44":1,"45":1,"46":1,"47":1,"48":1,"49":0,"50":1,"51":0,"52":0,"53":0,"54":0,"55":0,"56":6,"57":0,"58":0,"59":0,"60":0,"61":6,"62":0,"63":0,"64":0,"65":0,"66":0,"67":0},"f":{"0":5,"1":1,"2":1,"3":0,"4":1,"5":0,"6":0},"b":{"0":[1,4],"1":[0,1],"2":[1,1],"3":[1,1],"4":[0,1],"5":[0,1],"6":[0,1],"7":[0,1],"8":[0,1],"9":[0,0],"10":[1,0],"11":[0,1],"12":[0,0],"13":[0,0]},"_coverageSchema":"1a1c01bbd47fc00a2c39e90264f33305004495a9","hash":"6041194a3e09750fb8a52e7d1a7dcce0a39dfdf0"}
,"C:\\Users\\alexv\\Documents\\UTAD\\WebII\\practica\\src\\controllers\\user.controller.js": {"path":"C:\\Users\\alexv\\Documents\\UTAD\\WebII\\practica\\src\\controllers\\user.controller.js","statementMap":{"0":{"start":{"line":10,"column":19},"end":{"line":14,"column":1}},"1":{"start":{"line":11,"column":24},"end":{"line":11,"column":81}},"2":{"start":{"line":12,"column":25},"end":{"line":12,"column":89}},"3":{"start":{"line":13,"column":4},"end":{"line":13,"column":41}},"4":{"start":{"line":19,"column":24},"end":{"line":31,"column":1}},"5":{"start":{"line":20,"column":32},"end":{"line":20,"column":40}},"6":{"start":{"line":21,"column":21},"end":{"line":21,"column":50}},"7":{"start":{"line":22,"column":4},"end":{"line":22,"column":106}},"8":{"start":{"line":22,"column":52},"end":{"line":22,"column":106}},"9":{"start":{"line":24,"column":27},"end":{"line":24,"column":58}},"10":{"start":{"line":25,"column":17},"end":{"line":25,"column":71}},"11":{"start":{"line":27,"column":17},"end":{"line":27,"column":95}},"12":{"start":{"line":28,"column":4},"end":{"line":28,"column":54}},"13":{"start":{"line":30,"column":4},"end":{"line":30,"column":75}},"14":{"start":{"line":34,"column":29},"end":{"line":46,"column":1}},"15":{"start":{"line":35,"column":21},"end":{"line":35,"column":29}},"16":{"start":{"line":36,"column":4},"end":{"line":41,"column":5}},"17":{"start":{"line":37,"column":8},"end":{"line":37,"column":43}},"18":{"start":{"line":38,"column":8},"end":{"line":38,"column":30}},"19":{"start":{"line":39,"column":8},"end":{"line":39,"column":100}},"20":{"start":{"line":39,"column":48},"end":{"line":39,"column":100}},"21":{"start":{"line":40,"column":8},"end":{"line":40,"column":62}},"22":{"start":{"line":42,"column":4},"end":{"line":42,"column":33}},"23":{"start":{"line":43,"column":4},"end":{"line":43,"column":26}},"24":{"start":{"line":44,"column":4},"end":{"line":44,"column":56}},"25":{"start":{"line":45,"column":4},"end":{"line":45,"column":40}},"26":{"start":{"line":49,"column":21},"end":{"line":54,"column":1}},"27":{"start":{"line":50,"column":32},"end":{"line":50,"column":40}},"28":{"start":{"line":51,"column":17},"end":{"line":51,"column":66}},"29":{"start":{"line":52,"column":4},"end":{"line":52,"column":130}},"30":{"start":{"line":52,"column":67},"end":{"line":52,"column":130}},"31":{"start":{"line":53,"column":4},"end":{"line":53,"column":48}},"32":{"start":{"line":57,"column":34},"end":{"line":64,"column":1}},"33":{"start":{"line":58,"column":36},"end":{"line":58,"column":44}},"34":{"start":{"line":59,"column":4},"end":{"line":59,"column":25}},"35":{"start":{"line":60,"column":4},"end":{"line":60,"column":33}},"36":{"start":{"line":61,"column":4},"end":{"line":61,"column":23}},"37":{"start":{"line":62,"column":4},"end":{"line":62,"column":26}},"38":{"start":{"line":63,"column":4},"end":{"line":63,"column":23}},"39":{"start":{"line":66,"column":29},"end":{"line":85,"column":1}},"40":{"start":{"line":67,"column":48},"end":{"line":67,"column":56}},"41":{"start":{"line":68,"column":18},"end":{"line":68,"column":48}},"42":{"start":{"line":70,"column":4},"end":{"line":81,"column":5}},"43":{"start":{"line":71,"column":8},"end":{"line":77,"column":11}},"44":{"start":{"line":78,"column":8},"end":{"line":78,"column":32}},"45":{"start":{"line":80,"column":8},"end":{"line":80,"column":32}},"46":{"start":{"line":82,"column":4},"end":{"line":82,"column":35}},"47":{"start":{"line":83,"column":4},"end":{"line":83,"column":26}},"48":{"start":{"line":84,"column":4},"end":{"line":84,"column":47}},"49":{"start":{"line":88,"column":26},"end":{"line":92,"column":1}},"50":{"start":{"line":89,"column":4},"end":{"line":89,"column":82}},"51":{"start":{"line":89,"column":27},"end":{"line":89,"column":82}},"52":{"start":{"line":90,"column":4},"end":{"line":90,"column":79}},"53":{"start":{"line":91,"column":4},"end":{"line":91,"column":66}},"54":{"start":{"line":95,"column":21},"end":{"line":98,"column":1}},"55":{"start":{"line":96,"column":17},"end":{"line":96,"column":69}},"56":{"start":{"line":97,"column":4},"end":{"line":97,"column":19}},"57":{"start":{"line":101,"column":23},"end":{"line":108,"column":1}},"58":{"start":{"line":102,"column":29},"end":{"line":102,"column":37}},"59":{"start":{"line":103,"column":4},"end":{"line":107,"column":68}},"60":{"start":{"line":104,"column":24},"end":{"line":104,"column":75}},"61":{"start":{"line":105,"column":28},"end":{"line":105,"column":97}},"62":{"start":{"line":106,"column":8},"end":{"line":106,"column":34}},"63":{"start":{"line":107,"column":20},"end":{"line":107,"column":66}},"64":{"start":{"line":111,"column":26},"end":{"line":121,"column":1}},"65":{"start":{"line":112,"column":21},"end":{"line":112,"column":30}},"66":{"start":{"line":113,"column":4},"end":{"line":118,"column":5}},"67":{"start":{"line":114,"column":8},"end":{"line":114,"column":32}},"68":{"start":{"line":115,"column":8},"end":{"line":115,"column":30}},"69":{"start":{"line":117,"column":8},"end":{"line":117,"column":50}},"70":{"start":{"line":119,"column":4},"end":{"line":119,"column":55}},"71":{"start":{"line":120,"column":4},"end":{"line":120,"column":27}},"72":{"start":{"line":124,"column":30},"end":{"line":131,"column":1}},"73":{"start":{"line":125,"column":45},"end":{"line":125,"column":53}},"74":{"start":{"line":126,"column":17},"end":{"line":126,"column":69}},"75":{"start":{"line":127,"column":4},"end":{"line":127,"column":128}},"76":{"start":{"line":127,"column":65},"end":{"line":127,"column":128}},"77":{"start":{"line":128,"column":4},"end":{"line":128,"column":55}},"78":{"start":{"line":129,"column":4},"end":{"line":129,"column":22}},"79":{"start":{"line":130,"column":4},"end":{"line":130,"column":49}},"80":{"start":{"line":134,"column":22},"end":{"line":163,"column":1}},"81":{"start":{"line":135,"column":22},"end":{"line":135,"column":30}},"82":{"start":{"line":138,"column":25},"end":{"line":138,"column":54}},"83":{"start":{"line":139,"column":4},"end":{"line":141,"column":5}},"84":{"start":{"line":140,"column":8},"end":{"line":140,"column":77}},"85":{"start":{"line":145,"column":25},"end":{"line":145,"column":62}},"86":{"start":{"line":146,"column":27},"end":{"line":146,"column":62}},"87":{"start":{"line":148,"column":20},"end":{"line":154,"column":6}},"88":{"start":{"line":157,"column":4},"end":{"line":157,"column":54}},"89":{"start":{"line":159,"column":4},"end":{"line":162,"column":7}}},"fnMap":{"0":{"name":"(anonymous_0)","decl":{"start":{"line":10,"column":19},"end":{"line":10,"column":20}},"loc":{"start":{"line":10,"column":27},"end":{"line":14,"column":1}},"line":10},"1":{"name":"(anonymous_1)","decl":{"start":{"line":19,"column":24},"end":{"line":19,"column":25}},"loc":{"start":{"line":19,"column":50},"end":{"line":31,"column":1}},"line":19},"2":{"name":"(anonymous_2)","decl":{"start":{"line":34,"column":29},"end":{"line":34,"column":30}},"loc":{"start":{"line":34,"column":55},"end":{"line":46,"column":1}},"line":34},"3":{"name":"(anonymous_3)","decl":{"start":{"line":49,"column":21},"end":{"line":49,"column":22}},"loc":{"start":{"line":49,"column":47},"end":{"line":54,"column":1}},"line":49},"4":{"name":"(anonymous_4)","decl":{"start":{"line":57,"column":34},"end":{"line":57,"column":35}},"loc":{"start":{"line":57,"column":54},"end":{"line":64,"column":1}},"line":57},"5":{"name":"(anonymous_5)","decl":{"start":{"line":66,"column":29},"end":{"line":66,"column":30}},"loc":{"start":{"line":66,"column":55},"end":{"line":85,"column":1}},"line":66},"6":{"name":"(anonymous_6)","decl":{"start":{"line":88,"column":26},"end":{"line":88,"column":27}},"loc":{"start":{"line":88,"column":52},"end":{"line":92,"column":1}},"line":88},"7":{"name":"(anonymous_7)","decl":{"start":{"line":95,"column":21},"end":{"line":95,"column":22}},"loc":{"start":{"line":95,"column":41},"end":{"line":98,"column":1}},"line":95},"8":{"name":"(anonymous_8)","decl":{"start":{"line":101,"column":23},"end":{"line":101,"column":24}},"loc":{"start":{"line":101,"column":43},"end":{"line":108,"column":1}},"line":101},"9":{"name":"(anonymous_9)","decl":{"start":{"line":111,"column":26},"end":{"line":111,"column":27}},"loc":{"start":{"line":111,"column":46},"end":{"line":121,"column":1}},"line":111},"10":{"name":"(anonymous_10)","decl":{"start":{"line":124,"column":30},"end":{"line":124,"column":31}},"loc":{"start":{"line":124,"column":56},"end":{"line":131,"column":1}},"line":124},"11":{"name":"(anonymous_11)","decl":{"start":{"line":134,"column":22},"end":{"line":134,"column":23}},"loc":{"start":{"line":134,"column":48},"end":{"line":163,"column":1}},"line":134}},"branchMap":{"0":{"loc":{"start":{"line":22,"column":4},"end":{"line":22,"column":106}},"type":"if","locations":[{"start":{"line":22,"column":4},"end":{"line":22,"column":106}},{"start":{},"end":{}}],"line":22},"1":{"loc":{"start":{"line":22,"column":8},"end":{"line":22,"column":50}},"type":"binary-expr","locations":[{"start":{"line":22,"column":8},"end":{"line":22,"column":16}},{"start":{"line":22,"column":20},"end":{"line":22,"column":50}}],"line":22},"2":{"loc":{"start":{"line":36,"column":4},"end":{"line":41,"column":5}},"type":"if","locations":[{"start":{"line":36,"column":4},"end":{"line":41,"column":5}},{"start":{},"end":{}}],"line":36},"3":{"loc":{"start":{"line":39,"column":8},"end":{"line":39,"column":100}},"type":"if","locations":[{"start":{"line":39,"column":8},"end":{"line":39,"column":100}},{"start":{},"end":{}}],"line":39},"4":{"loc":{"start":{"line":52,"column":4},"end":{"line":52,"column":130}},"type":"if","locations":[{"start":{"line":52,"column":4},"end":{"line":52,"column":130}},{"start":{},"end":{}}],"line":52},"5":{"loc":{"start":{"line":52,"column":8},"end":{"line":52,"column":65}},"type":"binary-expr","locations":[{"start":{"line":52,"column":8},"end":{"line":52,"column":13}},{"start":{"line":52,"column":17},"end":{"line":52,"column":65}}],"line":52},"6":{"loc":{"start":{"line":70,"column":4},"end":{"line":81,"column":5}},"type":"if","locations":[{"start":{"line":70,"column":4},"end":{"line":81,"column":5}},{"start":{"line":79,"column":11},"end":{"line":81,"column":5}}],"line":70},"7":{"loc":{"start":{"line":72,"column":18},"end":{"line":72,"column":78}},"type":"cond-expr","locations":[{"start":{"line":72,"column":32},"end":{"line":72,"column":71}},{"start":{"line":72,"column":74},"end":{"line":72,"column":78}}],"line":72},"8":{"loc":{"start":{"line":73,"column":17},"end":{"line":73,"column":49}},"type":"cond-expr","locations":[{"start":{"line":73,"column":31},"end":{"line":73,"column":43}},{"start":{"line":73,"column":46},"end":{"line":73,"column":49}}],"line":73},"9":{"loc":{"start":{"line":74,"column":21},"end":{"line":74,"column":61}},"type":"cond-expr","locations":[{"start":{"line":74,"column":35},"end":{"line":74,"column":51}},{"start":{"line":74,"column":54},"end":{"line":74,"column":61}}],"line":74},"10":{"loc":{"start":{"line":89,"column":4},"end":{"line":89,"column":82}},"type":"if","locations":[{"start":{"line":89,"column":4},"end":{"line":89,"column":82}},{"start":{},"end":{}}],"line":89},"11":{"loc":{"start":{"line":113,"column":4},"end":{"line":118,"column":5}},"type":"if","locations":[{"start":{"line":113,"column":4},"end":{"line":118,"column":5}},{"start":{"line":116,"column":11},"end":{"line":118,"column":5}}],"line":113},"12":{"loc":{"start":{"line":127,"column":4},"end":{"line":127,"column":128}},"type":"if","locations":[{"start":{"line":127,"column":4},"end":{"line":127,"column":128}},{"start":{},"end":{}}],"line":127},"13":{"loc":{"start":{"line":139,"column":4},"end":{"line":141,"column":5}},"type":"if","locations":[{"start":{"line":139,"column":4},"end":{"line":141,"column":5}},{"start":{},"end":{}}],"line":139}},"s":{"0":6,"1":10,"2":10,"3":10,"4":6,"5":2,"6":2,"7":2,"8":1,"9":1,"10":1,"11":1,"12":1,"13":1,"14":6,"15":0,"16":0,"17":0,"18":0,"19":0,"20":0,"21":0,"22":0,"23":0,"24":0,"25":0,"26":6,"27":11,"28":11,"29":11,"30":2,"31":9,"32":6,"33":1,"34":1,"35":1,"36":1,"37":1,"38":1,"39":6,"40":1,"41":1,"42":1,"43":1,"44":1,"45":0,"46":1,"47":1,"48":1,"49":6,"50":0,"51":0,"52":0,"53":0,"54":6,"55":1,"56":1,"57":6,"58":1,"59":1,"60":1,"61":1,"62":1,"63":0,"64":6,"65":2,"66":2,"67":1,"68":1,"69":1,"70":2,"71":2,"72":6,"73":1,"74":1,"75":1,"76":0,"77":1,"78":1,"79":1,"80":6,"81":0,"82":0,"83":0,"84":0,"85":0,"86":0,"87":0,"88":0,"89":0},"f":{"0":10,"1":2,"2":0,"3":11,"4":1,"5":1,"6":0,"7":1,"8":1,"9":2,"10":1,"11":0},"b":{"0":[1,1],"1":[2,1],"2":[0,0],"3":[0,0],"4":[2,9],"5":[11,11],"6":[1,0],"7":[0,1],"8":[0,1],"9":[0,1],"10":[0,0],"11":[1,1],"12":[0,1],"13":[0,0]},"_coverageSchema":"1a1c01bbd47fc00a2c39e90264f33305004495a9","hash":"4de2b75b2aa2767bf7e94e6cbdd7be4dfbf9bb40"}
,"C:\\Users\\alexv\\Documents\\UTAD\\WebII\\practica\\src\\middleware\\auth.middleware.js": {"path":"C:\\Users\\alexv\\Documents\\UTAD\\WebII\\practica\\src\\middleware\\auth.middleware.js","statementMap":{"0":{"start":{"line":5,"column":23},"end":{"line":24,"column":1}},"1":{"start":{"line":6,"column":4},"end":{"line":23,"column":5}},"2":{"start":{"line":8,"column":8},"end":{"line":10,"column":9}},"3":{"start":{"line":9,"column":12},"end":{"line":9,"column":60}},"4":{"start":{"line":12,"column":8},"end":{"line":12,"column":76}},"5":{"start":{"line":12,"column":20},"end":{"line":12,"column":76}},"6":{"start":{"line":14,"column":24},"end":{"line":14,"column":77}},"7":{"start":{"line":15,"column":21},"end":{"line":15,"column":52}},"8":{"start":{"line":17,"column":8},"end":{"line":17,"column":81}},"9":{"start":{"line":17,"column":19},"end":{"line":17,"column":81}},"10":{"start":{"line":19,"column":8},"end":{"line":19,"column":24}},"11":{"start":{"line":20,"column":8},"end":{"line":20,"column":15}},"12":{"start":{"line":22,"column":8},"end":{"line":22,"column":54}}},"fnMap":{"0":{"name":"(anonymous_0)","decl":{"start":{"line":5,"column":23},"end":{"line":5,"column":24}},"loc":{"start":{"line":5,"column":49},"end":{"line":24,"column":1}},"line":5}},"branchMap":{"0":{"loc":{"start":{"line":8,"column":8},"end":{"line":10,"column":9}},"type":"if","locations":[{"start":{"line":8,"column":8},"end":{"line":10,"column":9}},{"start":{},"end":{}}],"line":8},"1":{"loc":{"start":{"line":12,"column":8},"end":{"line":12,"column":76}},"type":"if","locations":[{"start":{"line":12,"column":8},"end":{"line":12,"column":76}},{"start":{},"end":{}}],"line":12},"2":{"loc":{"start":{"line":14,"column":42},"end":{"line":14,"column":76}},"type":"binary-expr","locations":[{"start":{"line":14,"column":42},"end":{"line":14,"column":64}},{"start":{"line":14,"column":68},"end":{"line":14,"column":76}}],"line":14},"3":{"loc":{"start":{"line":17,"column":8},"end":{"line":17,"column":81}},"type":"if","locations":[{"start":{"line":17,"column":8},"end":{"line":17,"column":81}},{"start":{},"end":{}}],"line":17}},"s":{"0":6,"1":34,"2":34,"3":33,"4":34,"5":1,"6":33,"7":33,"8":33,"9":0,"10":33,"11":33,"12":0},"f":{"0":34},"b":{"0":[33,1],"1":[1,33],"2":[33,0],"3":[0,33]},"_coverageSchema":"1a1c01bbd47fc00a2c39e90264f33305004495a9","hash":"2f8fa17333b206053dc916fca0a7b300cdb4bdc0"}
,"C:\\Users\\alexv\\Documents\\UTAD\\WebII\\practica\\src\\middleware\\error-handler.js": {"path":"C:\\Users\\alexv\\Documents\\UTAD\\WebII\\practica\\src\\middleware\\error-handler.js","statementMap":{"0":{"start":{"line":3,"column":28},"end":{"line":20,"column":1}},"1":{"start":{"line":4,"column":4},"end":{"line":4,"column":43}},"2":{"start":{"line":5,"column":4},"end":{"line":5,"column":54}},"3":{"start":{"line":7,"column":4},"end":{"line":11,"column":5}},"4":{"start":{"line":8,"column":8},"end":{"line":10,"column":10}},"5":{"start":{"line":13,"column":4},"end":{"line":19,"column":7}}},"fnMap":{"0":{"name":"(anonymous_0)","decl":{"start":{"line":3,"column":28},"end":{"line":3,"column":29}},"loc":{"start":{"line":3,"column":59},"end":{"line":20,"column":1}},"line":3}},"branchMap":{"0":{"loc":{"start":{"line":4,"column":21},"end":{"line":4,"column":42}},"type":"binary-expr","locations":[{"start":{"line":4,"column":21},"end":{"line":4,"column":35}},{"start":{"line":4,"column":39},"end":{"line":4,"column":42}}],"line":4},"1":{"loc":{"start":{"line":5,"column":20},"end":{"line":5,"column":53}},"type":"binary-expr","locations":[{"start":{"line":5,"column":20},"end":{"line":5,"column":33}},{"start":{"line":5,"column":37},"end":{"line":5,"column":53}}],"line":5},"2":{"loc":{"start":{"line":7,"column":4},"end":{"line":11,"column":5}},"type":"if","locations":[{"start":{"line":7,"column":4},"end":{"line":11,"column":5}},{"start":{},"end":{}}],"line":7},"3":{"loc":{"start":{"line":18,"column":15},"end":{"line":18,"column":77}},"type":"cond-expr","locations":[{"start":{"line":18,"column":56},"end":{"line":18,"column":65}},{"start":{"line":18,"column":68},"end":{"line":18,"column":77}}],"line":18}},"s":{"0":6,"1":9,"2":9,"3":9,"4":0,"5":9},"f":{"0":9},"b":{"0":[9,0],"1":[9,0],"2":[0,9],"3":[0,9]},"_coverageSchema":"1a1c01bbd47fc00a2c39e90264f33305004495a9","hash":"425d990a390de86164bbdf38bb6e42e5b1c6912d"}
,"C:\\Users\\alexv\\Documents\\UTAD\\WebII\\practica\\src\\middleware\\role.middleware.js": {"path":"C:\\Users\\alexv\\Documents\\UTAD\\WebII\\practica\\src\\middleware\\role.middleware.js","statementMap":{"0":{"start":{"line":3,"column":25},"end":{"line":8,"column":1}},"1":{"start":{"line":3,"column":35},"end":{"line":8,"column":1}},"2":{"start":{"line":4,"column":4},"end":{"line":6,"column":5}},"3":{"start":{"line":5,"column":8},"end":{"line":5,"column":84}},"4":{"start":{"line":7,"column":4},"end":{"line":7,"column":11}}},"fnMap":{"0":{"name":"(anonymous_0)","decl":{"start":{"line":3,"column":25},"end":{"line":3,"column":26}},"loc":{"start":{"line":3,"column":35},"end":{"line":8,"column":1}},"line":3},"1":{"name":"(anonymous_1)","decl":{"start":{"line":3,"column":35},"end":{"line":3,"column":36}},"loc":{"start":{"line":3,"column":55},"end":{"line":8,"column":1}},"line":3}},"branchMap":{"0":{"loc":{"start":{"line":4,"column":4},"end":{"line":6,"column":5}},"type":"if","locations":[{"start":{"line":4,"column":4},"end":{"line":6,"column":5}},{"start":{},"end":{}}],"line":4}},"s":{"0":6,"1":6,"2":0,"3":0,"4":0},"f":{"0":6,"1":0},"b":{"0":[0,0]},"_coverageSchema":"1a1c01bbd47fc00a2c39e90264f33305004495a9","hash":"b8978cc89731bfa445a442381f1b6fe2dc100842"}
,"C:\\Users\\alexv\\Documents\\UTAD\\WebII\\practica\\src\\middleware\\upload.js": {"path":"C:\\Users\\alexv\\Documents\\UTAD\\WebII\\practica\\src\\middleware\\upload.js","statementMap":{"0":{"start":{"line":4,"column":20},"end":{"line":10,"column":2}},"1":{"start":{"line":5,"column":36},"end":{"line":5,"column":56}},"2":{"start":{"line":7,"column":20},"end":{"line":7,"column":47}},"3":{"start":{"line":8,"column":8},"end":{"line":8,"column":61}},"4":{"start":{"line":12,"column":26},"end":{"line":19,"column":17}},"5":{"start":{"line":16,"column":8},"end":{"line":17,"column":73}},"6":{"start":{"line":16,"column":47},"end":{"line":16,"column":62}},"7":{"start":{"line":17,"column":13},"end":{"line":17,"column":73}},"8":{"start":{"line":22,"column":25},"end":{"line":22,"column":47}},"9":{"start":{"line":24,"column":31},"end":{"line":31,"column":22}},"10":{"start":{"line":28,"column":8},"end":{"line":29,"column":90}},"11":{"start":{"line":28,"column":48},"end":{"line":28,"column":63}},"12":{"start":{"line":29,"column":13},"end":{"line":29,"column":90}}},"fnMap":{"0":{"name":"(anonymous_0)","decl":{"start":{"line":5,"column":17},"end":{"line":5,"column":18}},"loc":{"start":{"line":5,"column":36},"end":{"line":5,"column":56}},"line":5},"1":{"name":"(anonymous_1)","decl":{"start":{"line":6,"column":14},"end":{"line":6,"column":15}},"loc":{"start":{"line":6,"column":33},"end":{"line":9,"column":5}},"line":6},"2":{"name":"(anonymous_2)","decl":{"start":{"line":15,"column":16},"end":{"line":15,"column":17}},"loc":{"start":{"line":15,"column":35},"end":{"line":18,"column":5}},"line":15},"3":{"name":"(anonymous_3)","decl":{"start":{"line":27,"column":16},"end":{"line":27,"column":17}},"loc":{"start":{"line":27,"column":35},"end":{"line":30,"column":5}},"line":27}},"branchMap":{"0":{"loc":{"start":{"line":16,"column":8},"end":{"line":17,"column":73}},"type":"if","locations":[{"start":{"line":16,"column":8},"end":{"line":17,"column":73}},{"start":{"line":17,"column":13},"end":{"line":17,"column":73}}],"line":16},"1":{"loc":{"start":{"line":28,"column":8},"end":{"line":29,"column":90}},"type":"if","locations":[{"start":{"line":28,"column":8},"end":{"line":29,"column":90}},{"start":{"line":29,"column":13},"end":{"line":29,"column":90}}],"line":28}},"s":{"0":6,"1":0,"2":0,"3":0,"4":6,"5":0,"6":0,"7":0,"8":6,"9":6,"10":0,"11":0,"12":0},"f":{"0":0,"1":0,"2":0,"3":0},"b":{"0":[0,0],"1":[0,0]},"_coverageSchema":"1a1c01bbd47fc00a2c39e90264f33305004495a9","hash":"72a1e79e580cb350108522df82f174dea2efddf5"}
,"C:\\Users\\alexv\\Documents\\UTAD\\WebII\\practica\\src\\middleware\\validate.js": {"path":"C:\\Users\\alexv\\Documents\\UTAD\\WebII\\practica\\src\\middleware\\validate.js","statementMap":{"0":{"start":{"line":1,"column":24},"end":{"line":22,"column":1}},"1":{"start":{"line":1,"column":36},"end":{"line":22,"column":1}},"2":{"start":{"line":3,"column":4},"end":{"line":8,"column":5}},"3":{"start":{"line":4,"column":8},"end":{"line":7,"column":11}},"4":{"start":{"line":10,"column":19},"end":{"line":10,"column":45}},"5":{"start":{"line":12,"column":4},"end":{"line":18,"column":5}},"6":{"start":{"line":13,"column":8},"end":{"line":17,"column":11}},"7":{"start":{"line":20,"column":4},"end":{"line":20,"column":27}},"8":{"start":{"line":21,"column":4},"end":{"line":21,"column":11}}},"fnMap":{"0":{"name":"(anonymous_0)","decl":{"start":{"line":1,"column":24},"end":{"line":1,"column":25}},"loc":{"start":{"line":1,"column":36},"end":{"line":22,"column":1}},"line":1},"1":{"name":"(anonymous_1)","decl":{"start":{"line":1,"column":36},"end":{"line":1,"column":37}},"loc":{"start":{"line":1,"column":56},"end":{"line":22,"column":1}},"line":1}},"branchMap":{"0":{"loc":{"start":{"line":3,"column":4},"end":{"line":8,"column":5}},"type":"if","locations":[{"start":{"line":3,"column":4},"end":{"line":8,"column":5}},{"start":{},"end":{}}],"line":3},"1":{"loc":{"start":{"line":3,"column":8},"end":{"line":3,"column":55}},"type":"binary-expr","locations":[{"start":{"line":3,"column":8},"end":{"line":3,"column":17}},{"start":{"line":3,"column":21},"end":{"line":3,"column":55}}],"line":3},"2":{"loc":{"start":{"line":12,"column":4},"end":{"line":18,"column":5}},"type":"if","locations":[{"start":{"line":12,"column":4},"end":{"line":18,"column":5}},{"start":{},"end":{}}],"line":12}},"s":{"0":6,"1":54,"2":29,"3":0,"4":29,"5":29,"6":0,"7":29,"8":29},"f":{"0":54,"1":29},"b":{"0":[0,29],"1":[29,29],"2":[0,29]},"_coverageSchema":"1a1c01bbd47fc00a2c39e90264f33305004495a9","hash":"103c1feb197a05298a7d33f10eaef47638bfd7ed"}
,"C:\\Users\\alexv\\Documents\\UTAD\\WebII\\practica\\src\\models\\Client.js": {"path":"C:\\Users\\alexv\\Documents\\UTAD\\WebII\\practica\\src\\models\\Client.js","statementMap":{"0":{"start":{"line":3,"column":21},"end":{"line":15,"column":24}}},"fnMap":{},"branchMap":{},"s":{"0":6},"f":{},"b":{},"_coverageSchema":"1a1c01bbd47fc00a2c39e90264f33305004495a9","hash":"d5f863b941d609e5240c1878d4ea901bbb8403d6"}
,"C:\\Users\\alexv\\Documents\\UTAD\\WebII\\practica\\src\\models\\Company.js": {"path":"C:\\Users\\alexv\\Documents\\UTAD\\WebII\\practica\\src\\models\\Company.js","statementMap":{"0":{"start":{"line":3,"column":22},"end":{"line":19,"column":2}},"1":{"start":{"line":21,"column":23},"end":{"line":21,"column":63}}},"fnMap":{},"branchMap":{},"s":{"0":6,"1":6},"f":{},"b":{},"_coverageSchema":"1a1c01bbd47fc00a2c39e90264f33305004495a9","hash":"65cac1825db84ca37c55e9ea3f77d60e224af275"}
,"C:\\Users\\alexv\\Documents\\UTAD\\WebII\\practica\\src\\models\\DeliveryNote.js": {"path":"C:\\Users\\alexv\\Documents\\UTAD\\WebII\\practica\\src\\models\\DeliveryNote.js","statementMap":{"0":{"start":{"line":3,"column":19},"end":{"line":8,"column":2}},"1":{"start":{"line":10,"column":27},"end":{"line":34,"column":24}}},"fnMap":{},"branchMap":{},"s":{"0":6,"1":6},"f":{},"b":{},"_coverageSchema":"1a1c01bbd47fc00a2c39e90264f33305004495a9","hash":"d8f67463a22261eec85c48aca29ba27aca0550b7"}
,"C:\\Users\\alexv\\Documents\\UTAD\\WebII\\practica\\src\\models\\Project.js": {"path":"C:\\Users\\alexv\\Documents\\UTAD\\WebII\\practica\\src\\models\\Project.js","statementMap":{"0":{"start":{"line":3,"column":22},"end":{"line":13,"column":24}}},"fnMap":{},"branchMap":{},"s":{"0":6},"f":{},"b":{},"_coverageSchema":"1a1c01bbd47fc00a2c39e90264f33305004495a9","hash":"a60d8ccf74634cf69ea482833aef6ad75d1c25a4"}
,"C:\\Users\\alexv\\Documents\\UTAD\\WebII\\practica\\src\\models\\User.js": {"path":"C:\\Users\\alexv\\Documents\\UTAD\\WebII\\practica\\src\\models\\User.js","statementMap":{"0":{"start":{"line":3,"column":19},"end":{"line":20,"column":2}},"1":{"start":{"line":23,"column":0},"end":{"line":25,"column":3}},"2":{"start":{"line":24,"column":4},"end":{"line":24,"column":43}},"3":{"start":{"line":28,"column":0},"end":{"line":28,"column":33}},"4":{"start":{"line":29,"column":0},"end":{"line":29,"column":32}},"5":{"start":{"line":30,"column":0},"end":{"line":30,"column":30}},"6":{"start":{"line":32,"column":20},"end":{"line":32,"column":54}}},"fnMap":{"0":{"name":"(anonymous_0)","decl":{"start":{"line":23,"column":35},"end":{"line":23,"column":36}},"loc":{"start":{"line":23,"column":46},"end":{"line":25,"column":1}},"line":23}},"branchMap":{},"s":{"0":6,"1":6,"2":13,"3":6,"4":6,"5":6,"6":6},"f":{"0":13},"b":{},"_coverageSchema":"1a1c01bbd47fc00a2c39e90264f33305004495a9","hash":"5fbd596d6ca4d71feba14612fae0e8e294900fb8"}
,"C:\\Users\\alexv\\Documents\\UTAD\\WebII\\practica\\src\\routes\\client.routes.js": {"path":"C:\\Users\\alexv\\Documents\\UTAD\\WebII\\practica\\src\\routes\\client.routes.js","statementMap":{"0":{"start":{"line":7,"column":15},"end":{"line":7,"column":23}},"1":{"start":{"line":141,"column":0},"end":{"line":141,"column":20}},"2":{"start":{"line":143,"column":0},"end":{"line":143,"column":49}},"3":{"start":{"line":144,"column":0},"end":{"line":144,"column":49}},"4":{"start":{"line":145,"column":0},"end":{"line":145,"column":60}},"5":{"start":{"line":146,"column":0},"end":{"line":146,"column":33}},"6":{"start":{"line":147,"column":0},"end":{"line":147,"column":35}},"7":{"start":{"line":148,"column":0},"end":{"line":148,"column":62}},"8":{"start":{"line":149,"column":0},"end":{"line":149,"column":41}}},"fnMap":{},"branchMap":{},"s":{"0":6,"1":6,"2":6,"3":6,"4":6,"5":6,"6":6,"7":6,"8":6},"f":{},"b":{},"_coverageSchema":"1a1c01bbd47fc00a2c39e90264f33305004495a9","hash":"e4c37d32b44b996196aa6bb234e2b7c8bb92c093"}
,"C:\\Users\\alexv\\Documents\\UTAD\\WebII\\practica\\src\\routes\\deliveryNote.routes.js": {"path":"C:\\Users\\alexv\\Documents\\UTAD\\WebII\\practica\\src\\routes\\deliveryNote.routes.js","statementMap":{"0":{"start":{"line":8,"column":15},"end":{"line":8,"column":23}},"1":{"start":{"line":156,"column":0},"end":{"line":156,"column":20}},"2":{"start":{"line":158,"column":0},"end":{"line":158,"column":72}},"3":{"start":{"line":159,"column":0},"end":{"line":159,"column":39}},"4":{"start":{"line":160,"column":0},"end":{"line":160,"column":41}},"5":{"start":{"line":161,"column":0},"end":{"line":161,"column":47}},"6":{"start":{"line":162,"column":0},"end":{"line":162,"column":66}},"7":{"start":{"line":163,"column":0},"end":{"line":163,"column":41}}},"fnMap":{},"branchMap":{},"s":{"0":6,"1":6,"2":6,"3":6,"4":6,"5":6,"6":6,"7":6},"f":{},"b":{},"_coverageSchema":"1a1c01bbd47fc00a2c39e90264f33305004495a9","hash":"0414a62aac5d636bafcf4fb870993af03a3fc024"}
,"C:\\Users\\alexv\\Documents\\UTAD\\WebII\\practica\\src\\routes\\index.js": {"path":"C:\\Users\\alexv\\Documents\\UTAD\\WebII\\practica\\src\\routes\\index.js","statementMap":{"0":{"start":{"line":7,"column":15},"end":{"line":7,"column":23}},"1":{"start":{"line":9,"column":0},"end":{"line":9,"column":32}},"2":{"start":{"line":10,"column":0},"end":{"line":10,"column":36}},"3":{"start":{"line":11,"column":0},"end":{"line":11,"column":38}},"4":{"start":{"line":12,"column":0},"end":{"line":12,"column":48}}},"fnMap":{},"branchMap":{},"s":{"0":6,"1":6,"2":6,"3":6,"4":6},"f":{},"b":{},"_coverageSchema":"1a1c01bbd47fc00a2c39e90264f33305004495a9","hash":"1e2c6017f8926ea5c92396fe3883b6905bba1d71"}
,"C:\\Users\\alexv\\Documents\\UTAD\\WebII\\practica\\src\\routes\\project.routes.js": {"path":"C:\\Users\\alexv\\Documents\\UTAD\\WebII\\practica\\src\\routes\\project.routes.js","statementMap":{"0":{"start":{"line":7,"column":15},"end":{"line":7,"column":23}},"1":{"start":{"line":26,"column":0},"end":{"line":26,"column":20}},"2":{"start":{"line":28,"column":0},"end":{"line":28,"column":50}},"3":{"start":{"line":29,"column":0},"end":{"line":29,"column":50}},"4":{"start":{"line":30,"column":0},"end":{"line":30,"column":62}},"5":{"start":{"line":31,"column":0},"end":{"line":31,"column":34}},"6":{"start":{"line":32,"column":0},"end":{"line":32,"column":36}},"7":{"start":{"line":33,"column":0},"end":{"line":33,"column":64}},"8":{"start":{"line":34,"column":0},"end":{"line":34,"column":42}}},"fnMap":{},"branchMap":{},"s":{"0":6,"1":6,"2":6,"3":6,"4":6,"5":6,"6":6,"7":6,"8":6},"f":{},"b":{},"_coverageSchema":"1a1c01bbd47fc00a2c39e90264f33305004495a9","hash":"8bbcf2645ffa2c7e6839f5513e87336558511635"}
,"C:\\Users\\alexv\\Documents\\UTAD\\WebII\\practica\\src\\routes\\user.routes.js": {"path":"C:\\Users\\alexv\\Documents\\UTAD\\WebII\\practica\\src\\routes\\user.routes.js","statementMap":{"0":{"start":{"line":9,"column":15},"end":{"line":9,"column":23}},"1":{"start":{"line":118,"column":0},"end":{"line":118,"column":70}},"2":{"start":{"line":119,"column":0},"end":{"line":119,"column":61}},"3":{"start":{"line":120,"column":0},"end":{"line":120,"column":38}},"4":{"start":{"line":122,"column":0},"end":{"line":122,"column":20}},"5":{"start":{"line":123,"column":0},"end":{"line":123,"column":46}},"6":{"start":{"line":124,"column":0},"end":{"line":124,"column":81}},"7":{"start":{"line":125,"column":0},"end":{"line":125,"column":45}},"8":{"start":{"line":126,"column":0},"end":{"line":126,"column":51}},"9":{"start":{"line":127,"column":0},"end":{"line":127,"column":28}},"10":{"start":{"line":128,"column":0},"end":{"line":128,"column":88}},"11":{"start":{"line":128,"column":37},"end":{"line":128,"column":86}},"12":{"start":{"line":129,"column":0},"end":{"line":129,"column":36}},"13":{"start":{"line":130,"column":0},"end":{"line":130,"column":75}},"14":{"start":{"line":131,"column":0},"end":{"line":131,"column":56}}},"fnMap":{"0":{"name":"(anonymous_0)","decl":{"start":{"line":128,"column":23},"end":{"line":128,"column":24}},"loc":{"start":{"line":128,"column":37},"end":{"line":128,"column":86}},"line":128}},"branchMap":{},"s":{"0":6,"1":6,"2":6,"3":6,"4":6,"5":6,"6":6,"7":6,"8":6,"9":6,"10":6,"11":0,"12":6,"13":6,"14":6},"f":{"0":0},"b":{},"_coverageSchema":"1a1c01bbd47fc00a2c39e90264f33305004495a9","hash":"96f6a5cae0a371416b5669ced40da524f2d521ff"}
,"C:\\Users\\alexv\\Documents\\UTAD\\WebII\\practica\\src\\services\\email.service.js": {"path":"C:\\Users\\alexv\\Documents\\UTAD\\WebII\\practica\\src\\services\\email.service.js","statementMap":{"0":{"start":{"line":3,"column":20},"end":{"line":9,"column":2}},"1":{"start":{"line":11,"column":37},"end":{"line":23,"column":1}},"2":{"start":{"line":12,"column":4},"end":{"line":22,"column":7}},"3":{"start":{"line":25,"column":35},"end":{"line":37,"column":1}},"4":{"start":{"line":26,"column":4},"end":{"line":36,"column":7}}},"fnMap":{"0":{"name":"(anonymous_0)","decl":{"start":{"line":11,"column":37},"end":{"line":11,"column":38}},"loc":{"start":{"line":11,"column":60},"end":{"line":23,"column":1}},"line":11},"1":{"name":"(anonymous_1)","decl":{"start":{"line":25,"column":35},"end":{"line":25,"column":36}},"loc":{"start":{"line":25,"column":66},"end":{"line":37,"column":1}},"line":25}},"branchMap":{},"s":{"0":6,"1":6,"2":1,"3":6,"4":0},"f":{"0":1,"1":0},"b":{},"_coverageSchema":"1a1c01bbd47fc00a2c39e90264f33305004495a9","hash":"49ea1b142914a88edc93b46b0459ab8380ea0c48"}
,"C:\\Users\\alexv\\Documents\\UTAD\\WebII\\practica\\src\\services\\notification.service.js": {"path":"C:\\Users\\alexv\\Documents\\UTAD\\WebII\\practica\\src\\services\\notification.service.js","statementMap":{"0":{"start":{"line":5,"column":35},"end":{"line":5,"column":53}},"1":{"start":{"line":7,"column":17},"end":{"line":10,"column":1}},"2":{"start":{"line":8,"column":21},"end":{"line":8,"column":85}},"3":{"start":{"line":9,"column":4},"end":{"line":9,"column":91}},"4":{"start":{"line":12,"column":0},"end":{"line":20,"column":3}},"5":{"start":{"line":13,"column":4},"end":{"line":13,"column":31}},"6":{"start":{"line":14,"column":4},"end":{"line":18,"column":5}},"7":{"start":{"line":15,"column":8},"end":{"line":15,"column":71}},"8":{"start":{"line":17,"column":8},"end":{"line":17,"column":76}},"9":{"start":{"line":19,"column":4},"end":{"line":19,"column":75}},"10":{"start":{"line":22,"column":0},"end":{"line":25,"column":3}},"11":{"start":{"line":23,"column":4},"end":{"line":23,"column":35}},"12":{"start":{"line":24,"column":4},"end":{"line":24,"column":69}},"13":{"start":{"line":27,"column":0},"end":{"line":35,"column":3}},"14":{"start":{"line":28,"column":4},"end":{"line":28,"column":33}},"15":{"start":{"line":29,"column":4},"end":{"line":33,"column":5}},"16":{"start":{"line":30,"column":8},"end":{"line":30,"column":65}},"17":{"start":{"line":32,"column":8},"end":{"line":32,"column":74}},"18":{"start":{"line":34,"column":4},"end":{"line":34,"column":67}},"19":{"start":{"line":37,"column":0},"end":{"line":40,"column":3}},"20":{"start":{"line":38,"column":4},"end":{"line":38,"column":30}},"21":{"start":{"line":39,"column":4},"end":{"line":39,"column":68}}},"fnMap":{"0":{"name":"(anonymous_0)","decl":{"start":{"line":7,"column":17},"end":{"line":7,"column":18}},"loc":{"start":{"line":7,"column":34},"end":{"line":10,"column":1}},"line":7},"1":{"name":"(anonymous_1)","decl":{"start":{"line":12,"column":42},"end":{"line":12,"column":43}},"loc":{"start":{"line":12,"column":58},"end":{"line":20,"column":1}},"line":12},"2":{"name":"(anonymous_2)","decl":{"start":{"line":22,"column":40},"end":{"line":22,"column":41}},"loc":{"start":{"line":22,"column":56},"end":{"line":25,"column":1}},"line":22},"3":{"name":"(anonymous_3)","decl":{"start":{"line":27,"column":39},"end":{"line":27,"column":40}},"loc":{"start":{"line":27,"column":55},"end":{"line":35,"column":1}},"line":27},"4":{"name":"(anonymous_4)","decl":{"start":{"line":37,"column":39},"end":{"line":37,"column":40}},"loc":{"start":{"line":37,"column":55},"end":{"line":40,"column":1}},"line":37}},"branchMap":{"0":{"loc":{"start":{"line":8,"column":21},"end":{"line":8,"column":85}},"type":"cond-expr","locations":[{"start":{"line":8,"column":45},"end":{"line":8,"column":80}},{"start":{"line":8,"column":83},"end":{"line":8,"column":85}}],"line":8}},"s":{"0":6,"1":6,"2":3,"3":3,"4":6,"5":1,"6":1,"7":1,"8":0,"9":1,"10":6,"11":0,"12":0,"13":6,"14":0,"15":0,"16":0,"17":0,"18":0,"19":6,"20":2,"21":2},"f":{"0":3,"1":1,"2":0,"3":0,"4":2},"b":{"0":[1,2]},"_coverageSchema":"1a1c01bbd47fc00a2c39e90264f33305004495a9","hash":"50c78c0e958b215e11ec205c5ae79c43e13e3837"}
,"C:\\Users\\alexv\\Documents\\UTAD\\WebII\\practica\\src\\services\\slack.service.js": {"path":"C:\\Users\\alexv\\Documents\\UTAD\\WebII\\practica\\src\\services\\slack.service.js","statementMap":{"0":{"start":{"line":1,"column":37},"end":{"line":14,"column":1}},"1":{"start":{"line":2,"column":23},"end":{"line":2,"column":52}},"2":{"start":{"line":3,"column":4},"end":{"line":3,"column":28}},"3":{"start":{"line":3,"column":21},"end":{"line":3,"column":28}},"4":{"start":{"line":5,"column":4},"end":{"line":13,"column":5}},"5":{"start":{"line":6,"column":8},"end":{"line":10,"column":11}},"6":{"start":{"line":12,"column":8},"end":{"line":12,"column":75}}},"fnMap":{"0":{"name":"(anonymous_0)","decl":{"start":{"line":1,"column":37},"end":{"line":1,"column":38}},"loc":{"start":{"line":1,"column":56},"end":{"line":14,"column":1}},"line":1}},"branchMap":{"0":{"loc":{"start":{"line":3,"column":4},"end":{"line":3,"column":28}},"type":"if","locations":[{"start":{"line":3,"column":4},"end":{"line":3,"column":28}},{"start":{},"end":{}}],"line":3}},"s":{"0":6,"1":3,"2":3,"3":0,"4":3,"5":3,"6":0},"f":{"0":3},"b":{"0":[0,3]},"_coverageSchema":"1a1c01bbd47fc00a2c39e90264f33305004495a9","hash":"7339d1a5536796cc86cc94e78731bd6f3652725a"}
,"C:\\Users\\alexv\\Documents\\UTAD\\WebII\\practica\\src\\utils\\AppError.js": {"path":"C:\\Users\\alexv\\Documents\\UTAD\\WebII\\practica\\src\\utils\\AppError.js","statementMap":{"0":{"start":{"line":7,"column":8},"end":{"line":7,"column":23}},"1":{"start":{"line":8,"column":8},"end":{"line":8,"column":37}},"2":{"start":{"line":9,"column":8},"end":{"line":9,"column":35}},"3":{"start":{"line":10,"column":8},"end":{"line":10,"column":31}},"4":{"start":{"line":11,"column":8},"end":{"line":11,"column":34}},"5":{"start":{"line":12,"column":8},"end":{"line":12,"column":56}},"6":{"start":{"line":16,"column":8},"end":{"line":16,"column":53}},"7":{"start":{"line":20,"column":8},"end":{"line":20,"column":44}},"8":{"start":{"line":24,"column":8},"end":{"line":24,"column":44}},"9":{"start":{"line":28,"column":8},"end":{"line":28,"column":44}}},"fnMap":{"0":{"name":"(anonymous_0)","decl":{"start":{"line":6,"column":4},"end":{"line":6,"column":5}},"loc":{"start":{"line":6,"column":64},"end":{"line":13,"column":5}},"line":6},"1":{"name":"(anonymous_1)","decl":{"start":{"line":15,"column":4},"end":{"line":15,"column":5}},"loc":{"start":{"line":15,"column":65},"end":{"line":17,"column":5}},"line":15},"2":{"name":"(anonymous_2)","decl":{"start":{"line":19,"column":4},"end":{"line":19,"column":5}},"loc":{"start":{"line":19,"column":70},"end":{"line":21,"column":5}},"line":19},"3":{"name":"(anonymous_3)","decl":{"start":{"line":23,"column":4},"end":{"line":23,"column":5}},"loc":{"start":{"line":23,"column":71},"end":{"line":25,"column":5}},"line":23},"4":{"name":"(anonymous_4)","decl":{"start":{"line":27,"column":4},"end":{"line":27,"column":5}},"loc":{"start":{"line":27,"column":44},"end":{"line":29,"column":5}},"line":27}},"branchMap":{"0":{"loc":{"start":{"line":6,"column":48},"end":{"line":6,"column":62}},"type":"default-arg","locations":[{"start":{"line":6,"column":58},"end":{"line":6,"column":62}}],"line":6},"1":{"loc":{"start":{"line":15,"column":27},"end":{"line":15,"column":47}},"type":"default-arg","locations":[{"start":{"line":15,"column":34},"end":{"line":15,"column":47}}],"line":15},"2":{"loc":{"start":{"line":15,"column":49},"end":{"line":15,"column":63}},"type":"default-arg","locations":[{"start":{"line":15,"column":59},"end":{"line":15,"column":63}}],"line":15},"3":{"loc":{"start":{"line":19,"column":24},"end":{"line":19,"column":45}},"type":"default-arg","locations":[{"start":{"line":19,"column":30},"end":{"line":19,"column":45}}],"line":19},"4":{"loc":{"start":{"line":19,"column":47},"end":{"line":19,"column":68}},"type":"default-arg","locations":[{"start":{"line":19,"column":54},"end":{"line":19,"column":68}}],"line":19},"5":{"loc":{"start":{"line":23,"column":20},"end":{"line":23,"column":49}},"type":"default-arg","locations":[{"start":{"line":23,"column":26},"end":{"line":23,"column":49}}],"line":23},"6":{"loc":{"start":{"line":23,"column":51},"end":{"line":23,"column":69}},"type":"default-arg","locations":[{"start":{"line":23,"column":58},"end":{"line":23,"column":69}}],"line":23},"7":{"loc":{"start":{"line":27,"column":25},"end":{"line":27,"column":42}},"type":"default-arg","locations":[{"start":{"line":27,"column":32},"end":{"line":27,"column":42}}],"line":27}},"s":{"0":9,"1":9,"2":9,"3":9,"4":9,"5":9,"6":1,"7":3,"8":2,"9":3},"f":{"0":9,"1":1,"2":3,"3":2,"4":3},"b":{"0":[8],"1":[1],"2":[1],"3":[0],"4":[3],"5":[0],"6":[2],"7":[3]},"_coverageSchema":"1a1c01bbd47fc00a2c39e90264f33305004495a9","hash":"1fcadff705e5dacee705ec323460d08e93971ac7"}
,"C:\\Users\\alexv\\Documents\\UTAD\\WebII\\practica\\src\\validators\\client.validator.js": {"path":"C:\\Users\\alexv\\Documents\\UTAD\\WebII\\practica\\src\\validators\\client.validator.js","statementMap":{"0":{"start":{"line":3,"column":28},"end":{"line":13,"column":2}}},"fnMap":{},"branchMap":{},"s":{"0":6},"f":{},"b":{},"_coverageSchema":"1a1c01bbd47fc00a2c39e90264f33305004495a9","hash":"a6375532968bfc40b7d84c9d968eacb11d1ba507"}
,"C:\\Users\\alexv\\Documents\\UTAD\\WebII\\practica\\src\\validators\\deliveryNote.validator.js": {"path":"C:\\Users\\alexv\\Documents\\UTAD\\WebII\\practica\\src\\validators\\deliveryNote.validator.js","statementMap":{"0":{"start":{"line":4,"column":19},"end":{"line":9,"column":2}},"1":{"start":{"line":12,"column":34},"end":{"line":17,"column":2}},"2":{"start":{"line":15,"column":49},"end":{"line":15,"column":81}},"3":{"start":{"line":20,"column":38},"end":{"line":22,"column":2}}},"fnMap":{"0":{"name":"(anonymous_0)","decl":{"start":{"line":15,"column":42},"end":{"line":15,"column":43}},"loc":{"start":{"line":15,"column":49},"end":{"line":15,"column":81}},"line":15}},"branchMap":{"0":{"loc":{"start":{"line":15,"column":49},"end":{"line":15,"column":81}},"type":"cond-expr","locations":[{"start":{"line":15,"column":55},"end":{"line":15,"column":68}},{"start":{"line":15,"column":71},"end":{"line":15,"column":81}}],"line":15}},"s":{"0":6,"1":6,"2":5,"3":6},"f":{"0":5},"b":{"0":[0,5]},"_coverageSchema":"1a1c01bbd47fc00a2c39e90264f33305004495a9","hash":"3f7307c9ef19a9f34e4cdef3fdb0f056a133d837"}
,"C:\\Users\\alexv\\Documents\\UTAD\\WebII\\practica\\src\\validators\\project.validator.js": {"path":"C:\\Users\\alexv\\Documents\\UTAD\\WebII\\practica\\src\\validators\\project.validator.js","statementMap":{"0":{"start":{"line":3,"column":29},"end":{"line":10,"column":2}}},"fnMap":{},"branchMap":{},"s":{"0":6},"f":{},"b":{},"_coverageSchema":"1a1c01bbd47fc00a2c39e90264f33305004495a9","hash":"30a011a5082f9e26f5960a4c0e6ebe7bb8aadfa9"}
,"C:\\Users\\alexv\\Documents\\UTAD\\WebII\\practica\\src\\validators\\user.validator.js": {"path":"C:\\Users\\alexv\\Documents\\UTAD\\WebII\\practica\\src\\validators\\user.validator.js","statementMap":{"0":{"start":{"line":3,"column":30},"end":{"line":6,"column":2}},"1":{"start":{"line":4,"column":47},"end":{"line":4,"column":64}},"2":{"start":{"line":8,"column":27},"end":{"line":11,"column":2}},"3":{"start":{"line":9,"column":47},"end":{"line":9,"column":64}},"4":{"start":{"line":13,"column":32},"end":{"line":17,"column":2}},"5":{"start":{"line":19,"column":30},"end":{"line":25,"column":2}},"6":{"start":{"line":22,"column":18},"end":{"line":22,"column":59}}},"fnMap":{"0":{"name":"(anonymous_0)","decl":{"start":{"line":4,"column":40},"end":{"line":4,"column":41}},"loc":{"start":{"line":4,"column":47},"end":{"line":4,"column":64}},"line":4},"1":{"name":"(anonymous_1)","decl":{"start":{"line":9,"column":40},"end":{"line":9,"column":41}},"loc":{"start":{"line":9,"column":47},"end":{"line":9,"column":64}},"line":9},"2":{"name":"(anonymous_2)","decl":{"start":{"line":22,"column":10},"end":{"line":22,"column":11}},"loc":{"start":{"line":22,"column":18},"end":{"line":22,"column":59}},"line":22}},"branchMap":{},"s":{"0":6,"1":2,"2":6,"3":11,"4":6,"5":6,"6":1},"f":{"0":2,"1":11,"2":1},"b":{},"_coverageSchema":"1a1c01bbd47fc00a2c39e90264f33305004495a9","hash":"b7cfcfb53047ed22055a89cc13f6499a824a53db"}
,"C:\\Users\\alexv\\Documents\\UTAD\\WebII\\practica\\tests\\setup.js": {"path":"C:\\Users\\alexv\\Documents\\UTAD\\WebII\\practica\\tests\\setup.js","statementMap":{"0":{"start":{"line":6,"column":25},"end":{"line":14,"column":1}},"1":{"start":{"line":7,"column":4},"end":{"line":13,"column":5}},"2":{"start":{"line":8,"column":8},"end":{"line":8,"column":54}},"3":{"start":{"line":10,"column":8},"end":{"line":10,"column":55}},"4":{"start":{"line":11,"column":20},"end":{"line":11,"column":40}},"5":{"start":{"line":12,"column":8},"end":{"line":12,"column":36}},"6":{"start":{"line":16,"column":23},"end":{"line":21,"column":1}},"7":{"start":{"line":17,"column":24},"end":{"line":17,"column":55}},"8":{"start":{"line":18,"column":4},"end":{"line":20,"column":5}},"9":{"start":{"line":19,"column":8},"end":{"line":19,"column":44}},"10":{"start":{"line":23,"column":23},"end":{"line":27,"column":1}},"11":{"start":{"line":24,"column":4},"end":{"line":24,"column":45}},"12":{"start":{"line":25,"column":4},"end":{"line":25,"column":38}},"13":{"start":{"line":26,"column":4},"end":{"line":26,"column":46}},"14":{"start":{"line":26,"column":21},"end":{"line":26,"column":46}}},"fnMap":{"0":{"name":"(anonymous_0)","decl":{"start":{"line":6,"column":25},"end":{"line":6,"column":26}},"loc":{"start":{"line":6,"column":37},"end":{"line":14,"column":1}},"line":6},"1":{"name":"(anonymous_1)","decl":{"start":{"line":16,"column":23},"end":{"line":16,"column":24}},"loc":{"start":{"line":16,"column":35},"end":{"line":21,"column":1}},"line":16},"2":{"name":"(anonymous_2)","decl":{"start":{"line":23,"column":23},"end":{"line":23,"column":24}},"loc":{"start":{"line":23,"column":35},"end":{"line":27,"column":1}},"line":23}},"branchMap":{"0":{"loc":{"start":{"line":7,"column":4},"end":{"line":13,"column":5}},"type":"if","locations":[{"start":{"line":7,"column":4},"end":{"line":13,"column":5}},{"start":{"line":9,"column":11},"end":{"line":13,"column":5}}],"line":7},"1":{"loc":{"start":{"line":7,"column":8},"end":{"line":7,"column":82}},"type":"binary-expr","locations":[{"start":{"line":7,"column":8},"end":{"line":7,"column":29}},{"start":{"line":7,"column":33},"end":{"line":7,"column":64}},{"start":{"line":7,"column":68},"end":{"line":7,"column":82}}],"line":7},"2":{"loc":{"start":{"line":26,"column":4},"end":{"line":26,"column":46}},"type":"if","locations":[{"start":{"line":26,"column":4},"end":{"line":26,"column":46}},{"start":{},"end":{}}],"line":26}},"s":{"0":6,"1":6,"2":0,"3":6,"4":6,"5":6,"6":6,"7":0,"8":0,"9":0,"10":6,"11":6,"12":6,"13":6,"14":6},"f":{"0":6,"1":0,"2":6},"b":{"0":[0,6],"1":[6,6,6],"2":[6,0]},"_coverageSchema":"1a1c01bbd47fc00a2c39e90264f33305004495a9","hash":"d371007f621d915a8aea164499b6e355ee9fbd20"}
}
