TN:
SF:src\app.js
FN:20,(anonymous_0)
FN:33,(anonymous_1)
FNF:2
FNH:1
FNDA:1,(anonymous_0)
FNDA:0,(anonymous_1)
DA:9,6
DA:11,6
DA:12,6
DA:16,6
DA:17,6
DA:20,6
DA:21,1
DA:29,6
DA:33,6
DA:35,0
DA:36,0
DA:38,0
DA:41,6
LF:13
LH:10
BRDA:23,0,0,1
BRDA:23,0,1,0
BRDA:35,1,0,0
BRDA:35,1,1,0
BRDA:35,2,0,0
BRDA:35,2,1,0
BRF:6
BRH:1
end_of_record
TN:
SF:src\config\cloudinary.js
FN:11,(anonymous_0)
FN:12,(anonymous_1)
FN:15,(anonymous_2)
FNF:3
FNH:0
FNDA:0,(anonymous_0)
FNDA:0,(anonymous_1)
FNDA:0,(anonymous_2)
DA:4,6
DA:11,6
DA:12,0
DA:13,0
DA:16,0
DA:17,0
DA:20,0
LF:7
LH:2
BRDA:11,0,0,0
BRDA:16,1,0,0
BRDA:16,1,1,0
BRF:3
BRH:0
end_of_record
TN:
SF:src\config\index.js
FNF:0
FNH:0
DA:4,6
DA:12,6
DA:14,6
DA:15,0
DA:16,0
DA:19,6
LF:6
LH:4
BRDA:14,0,0,0
BRDA:14,0,1,6
BRF:2
BRH:1
end_of_record
TN:
SF:src\config\socket.js
FN:1,(anonymous_0)
FN:2,(anonymous_1)
FNF:2
FNH:1
FNDA:0,(anonymous_0)
FNDA:6,(anonymous_1)
DA:1,6
DA:2,6
DA:3,6
LF:3
LH:3
BRF:0
BRH:0
end_of_record
TN:
SF:src\config\swagger.js
FN:18,(anonymous_0)
FNF:1
FNH:1
FNDA:6,(anonymous_0)
DA:4,6
DA:18,6
DA:19,6
DA:20,6
DA:21,6
LF:5
LH:5
BRF:0
BRH:0
end_of_record
TN:
SF:src\controllers\client.controller.js
FN:5,(anonymous_0)
FN:22,(anonymous_1)
FN:40,(anonymous_2)
FN:48,(anonymous_3)
FN:60,(anonymous_4)
FN:79,(anonymous_5)
FN:86,(anonymous_6)
FNF:7
FNH:6
FNDA:3,(anonymous_0)
FNDA:1,(anonymous_1)
FNDA:2,(anonymous_2)
FNDA:1,(anonymous_3)
FNDA:2,(anonymous_4)
FNDA:1,(anonymous_5)
FNDA:0,(anonymous_6)
DA:5,6
DA:6,3
DA:7,3
DA:8,3
DA:9,3
DA:11,2
DA:17,2
DA:18,2
DA:19,0
DA:22,6
DA:23,1
DA:24,1
DA:25,1
DA:26,1
DA:28,1
DA:29,1
DA:31,1
DA:33,1
DA:34,1
DA:36,1
DA:37,0
DA:40,6
DA:41,2
DA:42,2
DA:43,2
DA:44,1
DA:45,0
DA:48,6
DA:49,1
DA:50,1
DA:55,1
DA:56,1
DA:57,0
DA:60,6
DA:61,2
DA:62,2
DA:63,2
DA:64,1
DA:69,1
DA:70,1
DA:72,1
DA:73,1
DA:74,1
DA:76,0
DA:79,6
DA:80,1
DA:81,1
DA:82,1
DA:83,0
DA:86,6
DA:87,0
DA:88,0
DA:93,0
DA:94,0
DA:95,0
LF:55
LH:44
BRDA:9,0,0,1
BRDA:9,0,1,2
BRDA:24,1,0,1
BRDA:24,1,1,0
BRDA:25,2,0,1
BRDA:25,2,1,0
BRDA:29,3,0,0
BRDA:29,3,1,1
BRDA:31,4,0,0
BRDA:31,4,1,1
BRDA:43,5,0,1
BRDA:43,5,1,1
BRDA:55,6,0,0
BRDA:55,6,1,1
BRDA:63,7,0,1
BRDA:63,7,1,1
BRDA:69,8,0,0
BRDA:69,8,1,1
BRDA:73,9,0,0
BRDA:73,9,1,1
BRDA:93,10,0,0
BRDA:93,10,1,0
BRF:22
BRH:13
end_of_record
TN:
SF:src\controllers\deliveryNote.controller.js
FN:8,(anonymous_0)
FN:31,(anonymous_1)
FN:69,(anonymous_2)
FN:78,(anonymous_3)
FN:96,(anonymous_4)
FN:109,(anonymous_5)
FNF:6
FNH:4
FNDA:5,(anonymous_0)
FNDA:1,(anonymous_1)
FNDA:2,(anonymous_2)
FNDA:0,(anonymous_3)
FNDA:0,(anonymous_4)
FNDA:1,(anonymous_5)
DA:8,6
DA:9,5
DA:10,5
DA:12,5
DA:13,5
DA:14,1
DA:17,4
DA:18,4
DA:25,4
DA:27,4
DA:28,0
DA:31,6
DA:32,1
DA:33,1
DA:34,1
DA:35,1
DA:37,1
DA:38,1
DA:39,1
DA:40,1
DA:42,1
DA:43,0
DA:44,0
DA:45,0
DA:48,1
DA:50,1
DA:58,1
DA:60,1
DA:66,0
DA:69,6
DA:70,2
DA:71,2
DA:73,2
DA:74,1
DA:75,0
DA:78,6
DA:79,0
DA:80,0
DA:81,0
DA:82,0
DA:83,0
DA:85,0
DA:86,0
DA:87,0
DA:88,0
DA:90,0
DA:92,0
DA:93,0
DA:96,6
DA:97,0
DA:98,0
DA:100,0
DA:102,0
DA:103,0
DA:104,0
DA:105,0
DA:106,0
DA:109,6
DA:110,1
DA:111,1
DA:112,1
DA:113,1
DA:114,1
DA:115,1
DA:116,0
LF:65
LH:38
BRDA:13,0,0,1
BRDA:13,0,1,4
BRDA:33,1,0,1
BRDA:33,1,1,1
BRDA:34,2,0,1
BRDA:34,2,1,1
BRDA:38,3,0,0
BRDA:38,3,1,1
BRDA:39,4,0,0
BRDA:39,4,1,1
BRDA:40,5,0,0
BRDA:40,5,1,1
BRDA:42,6,0,0
BRDA:42,6,1,1
BRDA:42,7,0,1
BRDA:42,7,1,1
BRDA:44,8,0,0
BRDA:44,8,1,0
BRDA:45,9,0,0
BRDA:45,9,1,0
BRDA:48,10,0,0
BRDA:48,10,1,1
BRDA:73,11,0,1
BRDA:73,11,1,1
BRDA:81,12,0,0
BRDA:81,12,1,0
BRDA:82,13,0,0
BRDA:82,13,1,0
BRDA:83,14,0,0
BRDA:83,14,1,0
BRDA:100,15,0,0
BRDA:100,15,1,0
BRDA:112,16,0,0
BRDA:112,16,1,1
BRDA:113,17,0,0
BRDA:113,17,1,1
BRF:36
BRH:17
end_of_record
TN:
SF:src\controllers\project.controller.js
FN:4,(anonymous_0)
FN:21,(anonymous_1)
FN:54,(anonymous_2)
FN:63,(anonymous_3)
FN:75,(anonymous_4)
FN:94,(anonymous_5)
FN:101,(anonymous_6)
FNF:7
FNH:4
FNDA:5,(anonymous_0)
FNDA:1,(anonymous_1)
FNDA:1,(anonymous_2)
FNDA:0,(anonymous_3)
FNDA:1,(anonymous_4)
FNDA:0,(anonymous_5)
FNDA:0,(anonymous_6)
DA:4,6
DA:5,5
DA:6,5
DA:8,5
DA:9,5
DA:11,4
DA:17,4
DA:18,0
DA:21,6
DA:22,1
DA:23,1
DA:24,1
DA:26,1
DA:27,1
DA:28,1
DA:30,1
DA:31,1
DA:32,1
DA:33,1
DA:35,1
DA:37,1
DA:43,1
DA:45,1
DA:51,0
DA:54,6
DA:55,1
DA:56,1
DA:58,1
DA:59,1
DA:60,0
DA:63,6
DA:64,0
DA:65,0
DA:70,0
DA:71,0
DA:72,0
DA:75,6
DA:76,1
DA:77,1
DA:78,1
DA:79,1
DA:84,1
DA:85,1
DA:87,0
DA:88,0
DA:89,0
DA:91,0
DA:94,6
DA:95,0
DA:96,0
DA:97,0
DA:98,0
DA:101,6
DA:102,0
DA:103,0
DA:108,0
DA:109,0
DA:110,0
LF:58
LH:37
BRDA:9,0,0,1
BRDA:9,0,1,4
BRDA:24,1,0,0
BRDA:24,1,1,1
BRDA:26,2,0,1
BRDA:26,2,1,1
BRDA:27,3,0,1
BRDA:27,3,1,1
BRDA:31,4,0,0
BRDA:31,4,1,1
BRDA:32,5,0,0
BRDA:32,5,1,1
BRDA:33,6,0,0
BRDA:33,6,1,1
BRDA:35,7,0,0
BRDA:35,7,1,1
BRDA:58,8,0,0
BRDA:58,8,1,1
BRDA:70,9,0,0
BRDA:70,9,1,0
BRDA:78,10,0,1
BRDA:78,10,1,0
BRDA:84,11,0,0
BRDA:84,11,1,1
BRDA:88,12,0,0
BRDA:88,12,1,0
BRDA:108,13,0,0
BRDA:108,13,1,0
BRF:28
BRH:14
end_of_record
TN:
SF:src\controllers\user.controller.js
FN:10,(anonymous_0)
FN:19,(anonymous_1)
FN:34,(anonymous_2)
FN:49,(anonymous_3)
FN:57,(anonymous_4)
FN:66,(anonymous_5)
FN:88,(anonymous_6)
FN:95,(anonymous_7)
FN:101,(anonymous_8)
FN:111,(anonymous_9)
FN:124,(anonymous_10)
FN:134,(anonymous_11)
FNF:12
FNH:9
FNDA:10,(anonymous_0)
FNDA:2,(anonymous_1)
FNDA:0,(anonymous_2)
FNDA:11,(anonymous_3)
FNDA:1,(anonymous_4)
FNDA:1,(anonymous_5)
FNDA:0,(anonymous_6)
FNDA:1,(anonymous_7)
FNDA:1,(anonymous_8)
FNDA:2,(anonymous_9)
FNDA:1,(anonymous_10)
FNDA:0,(anonymous_11)
DA:10,6
DA:11,10
DA:12,10
DA:13,10
DA:19,6
DA:20,2
DA:21,2
DA:22,2
DA:24,1
DA:25,1
DA:27,1
DA:28,1
DA:30,1
DA:34,6
DA:35,0
DA:36,0
DA:37,0
DA:38,0
DA:39,0
DA:40,0
DA:42,0
DA:43,0
DA:44,0
DA:45,0
DA:49,6
DA:50,11
DA:51,11
DA:52,11
DA:53,9
DA:57,6
DA:58,1
DA:59,1
DA:60,1
DA:61,1
DA:62,1
DA:63,1
DA:66,6
DA:67,1
DA:68,1
DA:70,1
DA:71,1
DA:78,1
DA:80,0
DA:82,1
DA:83,1
DA:84,1
DA:88,6
DA:89,0
DA:90,0
DA:91,0
DA:95,6
DA:96,1
DA:97,1
DA:101,6
DA:102,1
DA:103,1
DA:104,1
DA:105,1
DA:106,1
DA:107,0
DA:111,6
DA:112,2
DA:113,2
DA:114,1
DA:115,1
DA:117,1
DA:119,2
DA:120,2
DA:124,6
DA:125,1
DA:126,1
DA:127,1
DA:128,1
DA:129,1
DA:130,1
DA:134,6
DA:135,0
DA:138,0
DA:139,0
DA:140,0
DA:145,0
DA:146,0
DA:148,0
DA:157,0
DA:159,0
LF:85
LH:61
BRDA:22,0,0,1
BRDA:22,0,1,1
BRDA:22,1,0,2
BRDA:22,1,1,1
BRDA:36,2,0,0
BRDA:36,2,1,0
BRDA:39,3,0,0
BRDA:39,3,1,0
BRDA:52,4,0,2
BRDA:52,4,1,9
BRDA:52,5,0,11
BRDA:52,5,1,11
BRDA:70,6,0,1
BRDA:70,6,1,0
BRDA:72,7,0,0
BRDA:72,7,1,1
BRDA:73,8,0,0
BRDA:73,8,1,1
BRDA:74,9,0,0
BRDA:74,9,1,1
BRDA:89,10,0,0
BRDA:89,10,1,0
BRDA:113,11,0,1
BRDA:113,11,1,1
BRDA:127,12,0,0
BRDA:127,12,1,1
BRDA:139,13,0,0
BRDA:139,13,1,0
BRF:28
BRH:15
end_of_record
TN:
SF:src\middleware\auth.middleware.js
FN:5,(anonymous_0)
FNF:1
FNH:1
FNDA:34,(anonymous_0)
DA:5,6
DA:6,34
DA:8,34
DA:9,33
DA:12,34
DA:14,33
DA:15,33
DA:17,33
DA:19,33
DA:20,33
DA:22,0
LF:11
LH:10
BRDA:8,0,0,33
BRDA:8,0,1,1
BRDA:12,1,0,1
BRDA:12,1,1,33
BRDA:14,2,0,33
BRDA:14,2,1,0
BRDA:17,3,0,0
BRDA:17,3,1,33
BRF:8
BRH:6
end_of_record
TN:
SF:src\middleware\error-handler.js
FN:1,(anonymous_0)
FNF:1
FNH:1
FNDA:9,(anonymous_0)
DA:1,6
DA:2,9
DA:3,9
DA:5,9
LF:4
LH:4
BRDA:2,0,0,9
BRDA:2,0,1,0
BRDA:3,1,0,9
BRDA:3,1,1,0
BRDA:10,2,0,0
BRDA:10,2,1,9
BRF:6
BRH:3
end_of_record
TN:
SF:src\middleware\role.middleware.js
FN:3,(anonymous_0)
FN:3,(anonymous_1)
FNF:2
FNH:1
FNDA:6,(anonymous_0)
FNDA:0,(anonymous_1)
DA:3,6
DA:4,0
DA:5,0
DA:7,0
LF:4
LH:1
BRDA:4,0,0,0
BRDA:4,0,1,0
BRF:2
BRH:0
end_of_record
TN:
SF:src\middleware\upload.js
FN:5,(anonymous_0)
FN:6,(anonymous_1)
FN:15,(anonymous_2)
FN:27,(anonymous_3)
FNF:4
FNH:0
FNDA:0,(anonymous_0)
FNDA:0,(anonymous_1)
FNDA:0,(anonymous_2)
FNDA:0,(anonymous_3)
DA:4,6
DA:5,0
DA:7,0
DA:8,0
DA:12,6
DA:16,0
DA:17,0
DA:22,6
DA:24,6
DA:28,0
DA:29,0
LF:11
LH:4
BRDA:16,0,0,0
BRDA:16,0,1,0
BRDA:28,1,0,0
BRDA:28,1,1,0
BRF:4
BRH:0
end_of_record
TN:
SF:src\middleware\validate.js
FN:1,(anonymous_0)
FN:1,(anonymous_1)
FNF:2
FNH:2
FNDA:54,(anonymous_0)
FNDA:29,(anonymous_1)
DA:1,54
DA:3,29
DA:4,0
DA:10,29
DA:12,29
DA:13,0
DA:20,29
DA:21,29
LF:8
LH:6
BRDA:3,0,0,0
BRDA:3,0,1,29
BRDA:3,1,0,29
BRDA:3,1,1,29
BRDA:12,2,0,0
BRDA:12,2,1,29
BRF:6
BRH:4
end_of_record
TN:
SF:src\models\Client.js
FNF:0
FNH:0
DA:3,6
LF:1
LH:1
BRF:0
BRH:0
end_of_record
TN:
SF:src\models\Company.js
FNF:0
FNH:0
DA:3,6
DA:21,6
LF:2
LH:2
BRF:0
BRH:0
end_of_record
TN:
SF:src\models\DeliveryNote.js
FNF:0
FNH:0
DA:3,6
DA:10,6
LF:2
LH:2
BRF:0
BRH:0
end_of_record
TN:
SF:src\models\Project.js
FNF:0
FNH:0
DA:3,6
LF:1
LH:1
BRF:0
BRH:0
end_of_record
TN:
SF:src\models\User.js
FN:23,(anonymous_0)
FNF:1
FNH:1
FNDA:13,(anonymous_0)
DA:3,6
DA:23,6
DA:24,13
DA:28,6
DA:29,6
DA:30,6
DA:32,6
LF:7
LH:7
BRF:0
BRH:0
end_of_record
TN:
SF:src\routes\client.routes.js
FNF:0
FNH:0
DA:7,6
DA:26,6
DA:28,6
DA:29,6
DA:31,6
DA:32,6
DA:33,6
DA:34,6
DA:35,6
LF:9
LH:9
BRF:0
BRH:0
end_of_record
TN:
SF:src\routes\deliveryNote.routes.js
FNF:0
FNH:0
DA:8,6
DA:9,6
DA:11,6
DA:12,6
DA:13,6
DA:14,6
DA:15,6
DA:16,6
LF:8
LH:8
BRF:0
BRH:0
end_of_record
TN:
SF:src\routes\index.js
FNF:0
FNH:0
DA:7,6
DA:9,6
DA:10,6
DA:11,6
DA:12,6
LF:5
LH:5
BRF:0
BRH:0
end_of_record
TN:
SF:src\routes\project.routes.js
FNF:0
FNH:0
DA:7,6
DA:26,6
DA:28,6
DA:29,6
DA:30,6
DA:31,6
DA:32,6
DA:33,6
DA:34,6
LF:9
LH:9
BRF:0
BRH:0
end_of_record
TN:
SF:src\routes\user.routes.js
FN:23,(anonymous_0)
FNF:1
FNH:0
FNDA:0,(anonymous_0)
DA:9,6
DA:12,6
DA:13,6
DA:14,6
DA:17,6
DA:18,6
DA:19,6
DA:20,6
DA:21,6
DA:22,6
DA:23,6
DA:24,6
DA:25,6
DA:26,6
LF:14
LH:14
BRF:0
BRH:0
end_of_record
TN:
SF:src\services\notification.service.js
FN:5,(anonymous_0)
FN:11,(anonymous_1)
FN:12,(anonymous_2)
FN:13,(anonymous_3)
FN:14,(anonymous_4)
FNF:5
FNH:3
FNDA:3,(anonymous_0)
FNDA:1,(anonymous_1)
FNDA:0,(anonymous_2)
FNDA:0,(anonymous_3)
FNDA:2,(anonymous_4)
DA:3,6
DA:5,6
DA:7,3
DA:8,3
DA:11,6
DA:12,6
DA:13,6
DA:14,6
LF:8
LH:8
BRDA:7,0,0,1
BRDA:7,0,1,2
BRF:2
BRH:2
end_of_record
TN:
SF:src\services\pdf.service.js
FN:3,(anonymous_0)
FN:4,(anonymous_1)
FN:11,(anonymous_2)
FN:32,(anonymous_3)
FNF:4
FNH:0
FNDA:0,(anonymous_0)
FNDA:0,(anonymous_1)
FNDA:0,(anonymous_2)
FNDA:0,(anonymous_3)
DA:3,6
DA:4,0
DA:5,0
DA:6,0
DA:7,0
DA:10,0
DA:11,0
DA:16,0
DA:17,0
DA:20,0
DA:21,0
DA:22,0
DA:24,0
DA:25,0
DA:26,0
DA:29,0
DA:30,0
DA:32,0
DA:33,0
DA:34,0
DA:35,0
DA:36,0
DA:38,0
DA:41,0
DA:44,0
DA:45,0
DA:46,0
DA:48,0
DA:52,0
DA:54,0
LF:30
LH:1
BRDA:33,0,0,0
BRDA:33,0,1,0
BRDA:34,1,0,0
BRDA:34,1,1,0
BRDA:44,2,0,0
BRDA:44,2,1,0
BRDA:44,3,0,0
BRDA:44,3,1,0
BRF:8
BRH:0
end_of_record
TN:
SF:src\utils\AppError.js
FN:6,(anonymous_0)
FN:15,(anonymous_1)
FN:19,(anonymous_2)
FN:23,(anonymous_3)
FN:27,(anonymous_4)
FNF:5
FNH:5
FNDA:9,(anonymous_0)
FNDA:1,(anonymous_1)
FNDA:3,(anonymous_2)
FNDA:2,(anonymous_3)
FNDA:3,(anonymous_4)
DA:7,9
DA:8,9
DA:9,9
DA:10,9
DA:11,9
DA:12,9
DA:16,1
DA:20,3
DA:24,2
DA:28,3
LF:10
LH:10
BRDA:6,0,0,8
BRDA:15,1,0,1
BRDA:15,2,0,1
BRDA:19,3,0,0
BRDA:19,4,0,3
BRDA:23,5,0,0
BRDA:23,6,0,2
BRDA:27,7,0,3
BRF:8
BRH:6
end_of_record
TN:
SF:src\validators\client.validator.js
FNF:0
FNH:0
DA:3,6
LF:1
LH:1
BRF:0
BRH:0
end_of_record
TN:
SF:src\validators\deliveryNote.validator.js
FN:15,(anonymous_0)
FNF:1
FNH:1
FNDA:5,(anonymous_0)
DA:4,6
DA:12,6
DA:15,5
DA:20,6
LF:4
LH:4
BRDA:15,0,0,0
BRDA:15,0,1,5
BRF:2
BRH:1
end_of_record
TN:
SF:src\validators\project.validator.js
FNF:0
FNH:0
DA:3,6
LF:1
LH:1
BRF:0
BRH:0
end_of_record
TN:
SF:src\validators\user.validator.js
FN:4,(anonymous_0)
FN:9,(anonymous_1)
FN:22,(anonymous_2)
FNF:3
FNH:3
FNDA:2,(anonymous_0)
FNDA:11,(anonymous_1)
FNDA:1,(anonymous_2)
DA:3,6
DA:4,2
DA:8,6
DA:9,11
DA:13,6
DA:19,6
DA:22,1
LF:7
LH:7
BRF:0
BRH:0
end_of_record
TN:
SF:tests\setup.js
FN:7,(anonymous_0)
FN:14,(anonymous_1)
FN:22,(anonymous_2)
FNF:3
FNH:2
FNDA:6,(anonymous_0)
FNDA:0,(anonymous_1)
FNDA:6,(anonymous_2)
DA:7,6
DA:8,6
DA:9,6
DA:10,6
DA:14,6
DA:15,0
DA:16,0
DA:17,0
DA:22,6
DA:23,6
DA:24,6
DA:25,6
LF:12
LH:9
BRF:0
BRH:0
end_of_record
